2026-07-03 09:49:44 | INFO     | __main__:main:137 | ============================================================
2026-07-03 09:49:44 | INFO     | __main__:main:138 | 🎯 실시간 영상 처리 및 위험구역 감지 시스템 시작
2026-07-03 09:49:44 | INFO     | __main__:main:139 | ============================================================
2026-07-03 09:49:44 | INFO     | __main__:main:140 | 영상 소스: sample.mp4
2026-07-03 09:49:44 | INFO     | __main__:main:141 | YOLO 모델: yolo11n.pt
2026-07-03 09:49:44 | INFO     | __main__:main:142 | 카메라 ID: cam-001
2026-07-03 09:49:44 | INFO     | __main__:main:143 | 디스플레이: ON
2026-07-03 09:49:44 | INFO     | processing.video_source:create_video_source:258 | 파일 소스 생성: sample.mp4
2026-07-03 09:49:44 | INFO     | processing.video_source:open:89 | 영상 파일 열림: sample.mp4 (720x1280, 24.0fps, 240프레임)
2026-07-03 09:49:44 | INFO     | core.detector:__init__:55 | YOLO 모델 로딩: yolo11n.pt (디바이스: cpu)
2026-07-03 09:49:45 | INFO     | core.detector:__init__:58 | PersonDetector 초기화 완료 (confidence=0.5, iou=0.45, img_size=640)
2026-07-03 09:49:45 | INFO     | core.tracker:__init__:44 | PersonTracker 초기화 완료 (track_thresh=0.25, buffer=30, match_thresh=0.8)
2026-07-03 09:49:45 | INFO     | core.zone_manager:__init__:63 | DangerZoneManager 초기화 완료 (카메라: cam-001, 폴링 간격: 30초)
2026-07-03 09:49:45 | INFO     | core.zone_manager:add_zone:122 | 위험구역 추가: 위험구역 A (중앙) (demo-zone-1)
2026-07-03 09:49:45 | INFO     | core.zone_manager:add_zone:122 | 위험구역 추가: 위험구역 B (우측) (demo-zone-2)
2026-07-03 09:49:45 | INFO     | core.zone_manager:set_demo_zones:230 | 데모 위험구역 2개 생성됨
2026-07-03 09:49:45 | INFO     | __main__:main:192 | 🔶 데모 모드 활성화 - 기본 위험구역 생성됨
2026-07-03 09:49:45 | INFO     | processing.intrusion_detector:__init__:72 | IntrusionDetector 초기화 완료 (쿨다운: 10.0초)
2026-07-03 09:49:45 | INFO     | communication.event_sender:__init__:68 | EventSender 초기화 완료 (WS: ws://localhost:8000/ws/events, 스냅샷: True)
2026-07-03 09:49:45 | INFO     | communication.event_sender:start:177 | 이벤트 전송기 시작됨
2026-07-03 09:49:45 | INFO     | processing.frame_processor:__init__:57 | FrameProcessor 초기화 완료
2026-07-03 09:49:45 | INFO     | __main__:main:240 | 🚀 메인 루프 시작 (종료: 'q' 키 또는 Ctrl+C)
2026-07-03 09:49:46 | WARNING  | processing.intrusion_detector:check_intrusions:137 | ⚠️ 침입 감지! 작업자#1 → 위험구역 A (중앙) (위치: (487, 570), 위험등급: high)
2026-07-03 09:49:46 | INFO     | communication.event_sender:_save_snapshot:163 | 스냅샷 저장: snapshots/intrusion_cam-001_worker1_demo-zone-1_20260703_094946.jpg
2026-07-03 09:49:46 | INFO     | communication.event_sender:_sender_loop:198 | [LOCAL] 이벤트: entered 작업자#1 → 위험구역 A (중앙)
2026-07-03 09:49:46 | INFO     | processing.intrusion_detector:check_intrusions:188 | ✅ 이탈 감지: 작업자#1 ← 위험구역 A (중앙) (체류시간: 0.3초)
2026-07-03 09:49:46 | INFO     | communication.event_sender:_sender_loop:198 | [LOCAL] 이벤트: exited 작업자#1 → 위험구역 A (중앙)
2026-07-03 09:49:50 | INFO     | processing.frame_processor:_log_performance:134 | 📊 성능 통계 (100프레임) | 감지: 26.2ms | 추적: 0.3ms | 침입: 0.0ms | 렌더: 1.7ms | 총: 28.2ms (35.4 FPS)
2026-07-03 09:49:54 | INFO     | processing.frame_processor:_log_performance:134 | 📊 성능 통계 (200프레임) | 감지: 26.2ms | 추적: 0.3ms | 침입: 0.0ms | 렌더: 1.6ms | 총: 28.1ms (35.5 FPS)
2026-07-03 09:49:56 | INFO     | processing.video_source:read:116 | 영상 반복 재생 시작
2026-07-03 09:49:57 | WARNING  | processing.intrusion_detector:check_intrusions:137 | ⚠️ 침입 감지! 작업자#1 → 위험구역 A (중앙) (위치: (487, 570), 위험등급: high)
2026-07-03 09:49:57 | INFO     | communication.event_sender:_save_snapshot:163 | 스냅샷 저장: snapshots/intrusion_cam-001_worker1_demo-zone-1_20260703_094957.jpg
2026-07-03 09:49:57 | INFO     | communication.event_sender:_sender_loop:198 | [LOCAL] 이벤트: entered 작업자#1 → 위험구역 A (중앙)
2026-07-03 09:49:57 | INFO     | processing.intrusion_detector:check_intrusions:188 | ✅ 이탈 감지: 작업자#1 ← 위험구역 A (중앙) (체류시간: 0.3초)
2026-07-03 09:49:57 | INFO     | communication.event_sender:_sender_loop:198 | [LOCAL] 이벤트: exited 작업자#1 → 위험구역 A (중앙)
2026-07-03 09:49:58 | INFO     | processing.frame_processor:_log_performance:134 | 📊 성능 통계 (300프레임) | 감지: 26.1ms | 추적: 0.3ms | 침입: 0.0ms | 렌더: 1.5ms | 총: 27.9ms (35.8 FPS)
2026-07-03 09:50:02 | INFO     | __main__:main:263 | 'q' 키 입력 - 종료
2026-07-03 09:50:02 | INFO     | __main__:main:288 | 시스템 종료 중...
2026-07-03 09:50:02 | INFO     | processing.video_source:release:135 | 영상 소스 해제됨
2026-07-03 09:50:03 | INFO     | communication.event_sender:stop:252 | 이벤트 전송기 중지됨 (전송: 0, 실패: 4)
2026-07-03 09:50:03 | INFO     | __main__:main:299 | 📊 최종 성능 통계 | 총 377프레임 | 감지: 26.2ms | 추적: 0.3ms | 침입: 0.0ms | 렌더: 1.5ms
2026-07-03 09:50:03 | INFO     | __main__:main:309 | 📤 이벤트 통계 | 전송: 0 | 실패: 4 | WS: 0 | REST: 0
2026-07-03 09:50:03 | INFO     | __main__:main:317 | ✅ 시스템 종료 완료
2026-07-03 10:01:54 | INFO     | __main__:main:137 | ============================================================
2026-07-03 10:01:54 | INFO     | __main__:main:138 | 🎯 실시간 영상 처리 및 위험구역 감지 시스템 시작
2026-07-03 10:01:54 | INFO     | __main__:main:139 | ============================================================
2026-07-03 10:01:54 | INFO     | __main__:main:140 | 영상 소스: sample.mp4
2026-07-03 10:01:54 | INFO     | __main__:main:141 | YOLO 모델: yolo11n.pt
2026-07-03 10:01:54 | INFO     | __main__:main:142 | 카메라 ID: cam-001
2026-07-03 10:01:54 | INFO     | __main__:main:143 | 디스플레이: ON
2026-07-03 10:01:54 | INFO     | processing.video_source:create_video_source:258 | 파일 소스 생성: sample.mp4
2026-07-03 10:01:54 | INFO     | processing.video_source:open:89 | 영상 파일 열림: sample.mp4 (720x1280, 24.0fps, 240프레임)
2026-07-03 10:01:54 | INFO     | core.detector:__init__:55 | YOLO 모델 로딩: yolo11n.pt (디바이스: cpu)
2026-07-03 10:01:54 | INFO     | core.detector:__init__:58 | PersonDetector 초기화 완료 (confidence=0.5, iou=0.45, img_size=640)
2026-07-03 10:01:54 | INFO     | core.tracker:__init__:44 | PersonTracker 초기화 완료 (track_thresh=0.25, buffer=30, match_thresh=0.8)
2026-07-03 10:01:54 | INFO     | core.zone_manager:__init__:63 | DangerZoneManager 초기화 완료 (카메라: cam-001, 폴링 간격: 30초)
2026-07-03 10:01:54 | INFO     | core.zone_manager:add_zone:122 | 위험구역 추가: 위험구역 A (중앙) (demo-zone-1)
2026-07-03 10:01:54 | INFO     | core.zone_manager:add_zone:122 | 위험구역 추가: 위험구역 B (우측) (demo-zone-2)
2026-07-03 10:01:54 | INFO     | core.zone_manager:set_demo_zones:230 | 데모 위험구역 2개 생성됨
2026-07-03 10:01:54 | INFO     | __main__:main:192 | 🔶 데모 모드 활성화 - 기본 위험구역 생성됨
2026-07-03 10:01:54 | INFO     | processing.intrusion_detector:__init__:72 | IntrusionDetector 초기화 완료 (쿨다운: 10.0초)
2026-07-03 10:01:54 | INFO     | communication.event_sender:__init__:68 | EventSender 초기화 완료 (WS: ws://localhost:8000/ws/events, 스냅샷: True)
2026-07-03 10:01:54 | INFO     | communication.event_sender:start:177 | 이벤트 전송기 시작됨
2026-07-03 10:01:54 | INFO     | processing.frame_processor:__init__:57 | FrameProcessor 초기화 완료
2026-07-03 10:01:54 | INFO     | __main__:main:240 | 🚀 메인 루프 시작 (종료: 'q' 키 또는 Ctrl+C)
2026-07-03 10:01:55 | WARNING  | processing.intrusion_detector:check_intrusions:137 | ⚠️ 침입 감지! 작업자#1 → 위험구역 A (중앙) (위치: (487, 570), 위험등급: high)
2026-07-03 10:01:55 | INFO     | communication.event_sender:_save_snapshot:163 | 스냅샷 저장: snapshots/intrusion_cam-001_worker1_demo-zone-1_20260703_100155.jpg
2026-07-03 10:01:55 | INFO     | communication.event_sender:_sender_loop:198 | [LOCAL] 이벤트: entered 작업자#1 → 위험구역 A (중앙)
2026-07-03 10:01:56 | INFO     | processing.intrusion_detector:check_intrusions:188 | ✅ 이탈 감지: 작업자#1 ← 위험구역 A (중앙) (체류시간: 0.3초)
2026-07-03 10:01:56 | INFO     | communication.event_sender:_sender_loop:198 | [LOCAL] 이벤트: exited 작업자#1 → 위험구역 A (중앙)
2026-07-03 10:01:59 | INFO     | processing.frame_processor:_log_performance:134 | 📊 성능 통계 (100프레임) | 감지: 24.8ms | 추적: 0.3ms | 침입: 0.0ms | 렌더: 1.7ms | 총: 26.9ms (37.2 FPS)
2026-07-03 10:02:03 | INFO     | processing.frame_processor:_log_performance:134 | 📊 성능 통계 (200프레임) | 감지: 24.6ms | 추적: 0.3ms | 침입: 0.0ms | 렌더: 1.6ms | 총: 26.5ms (37.8 FPS)
2026-07-03 10:02:05 | INFO     | processing.video_source:read:116 | 영상 반복 재생 시작
2026-07-03 10:02:06 | INFO     | processing.intrusion_detector:check_intrusions:188 | ✅ 이탈 감지: 작업자#1 ← 위험구역 A (중앙) (체류시간: 0.3초)
2026-07-03 10:02:06 | INFO     | communication.event_sender:_sender_loop:198 | [LOCAL] 이벤트: exited 작업자#1 → 위험구역 A (중앙)
2026-07-03 10:02:07 | INFO     | processing.frame_processor:_log_performance:134 | 📊 성능 통계 (300프레임) | 감지: 24.4ms | 추적: 0.3ms | 침입: 0.0ms | 렌더: 1.5ms | 총: 26.2ms (38.1 FPS)
2026-07-03 10:02:11 | INFO     | processing.frame_processor:_log_performance:134 | 📊 성능 통계 (400프레임) | 감지: 24.2ms | 추적: 0.3ms | 침입: 0.0ms | 렌더: 1.5ms | 총: 26.1ms (38.4 FPS)
2026-07-03 10:02:15 | INFO     | processing.video_source:read:116 | 영상 반복 재생 시작
2026-07-03 10:02:15 | INFO     | processing.frame_processor:_log_performance:134 | 📊 성능 통계 (500프레임) | 감지: 24.1ms | 추적: 0.3ms | 침입: 0.0ms | 렌더: 1.5ms | 총: 25.9ms (38.6 FPS)
2026-07-03 10:02:16 | INFO     | processing.intrusion_detector:check_intrusions:188 | ✅ 이탈 감지: 작업자#1 ← 위험구역 A (중앙) (체류시간: 0.2초)
2026-07-03 10:02:16 | INFO     | communication.event_sender:_sender_loop:198 | [LOCAL] 이벤트: exited 작업자#1 → 위험구역 A (중앙)
2026-07-03 10:02:19 | INFO     | processing.frame_processor:_log_performance:134 | 📊 성능 통계 (600프레임) | 감지: 24.0ms | 추적: 0.3ms | 침입: 0.0ms | 렌더: 1.5ms | 총: 25.8ms (38.8 FPS)
2026-07-03 10:02:24 | INFO     | processing.frame_processor:_log_performance:134 | 📊 성능 통계 (700프레임) | 감지: 24.0ms | 추적: 0.3ms | 침입: 0.0ms | 렌더: 1.5ms | 총: 25.7ms (38.9 FPS)
2026-07-03 10:02:24 | INFO     | processing.video_source:read:116 | 영상 반복 재생 시작
2026-07-03 10:02:25 | INFO     | processing.intrusion_detector:check_intrusions:188 | ✅ 이탈 감지: 작업자#1 ← 위험구역 A (중앙) (체류시간: 0.2초)
2026-07-03 10:02:25 | INFO     | communication.event_sender:_sender_loop:198 | [LOCAL] 이벤트: exited 작업자#1 → 위험구역 A (중앙)
2026-07-03 10:02:28 | INFO     | processing.frame_processor:_log_performance:134 | 📊 성능 통계 (800프레임) | 감지: 23.9ms | 추적: 0.3ms | 침입: 0.0ms | 렌더: 1.5ms | 총: 25.7ms (38.9 FPS)
2026-07-03 10:02:32 | INFO     | processing.frame_processor:_log_performance:134 | 📊 성능 통계 (900프레임) | 감지: 23.9ms | 추적: 0.3ms | 침입: 0.0ms | 렌더: 1.5ms | 총: 25.7ms (38.9 FPS)
2026-07-03 10:02:34 | INFO     | processing.video_source:read:116 | 영상 반복 재생 시작
2026-07-03 10:02:35 | INFO     | processing.intrusion_detector:check_intrusions:188 | ✅ 이탈 감지: 작업자#1 ← 위험구역 A (중앙) (체류시간: 0.2초)
2026-07-03 10:02:35 | INFO     | communication.event_sender:_sender_loop:198 | [LOCAL] 이벤트: exited 작업자#1 → 위험구역 A (중앙)
2026-07-03 10:02:36 | INFO     | processing.frame_processor:_log_performance:134 | 📊 성능 통계 (1000프레임) | 감지: 23.9ms | 추적: 0.3ms | 침입: 0.0ms | 렌더: 1.5ms | 총: 25.6ms (39.0 FPS)
2026-07-03 10:02:40 | INFO     | processing.frame_processor:_log_performance:134 | 📊 성능 통계 (1100프레임) | 감지: 23.9ms | 추적: 0.3ms | 침입: 0.0ms | 렌더: 1.4ms | 총: 25.6ms (39.0 FPS)
2026-07-03 10:02:44 | INFO     | processing.frame_processor:_log_performance:134 | 📊 성능 통계 (1200프레임) | 감지: 23.8ms | 추적: 0.3ms | 침입: 0.0ms | 렌더: 1.4ms | 총: 25.6ms (39.1 FPS)
2026-07-03 10:02:44 | INFO     | processing.video_source:read:116 | 영상 반복 재생 시작
2026-07-03 10:02:45 | INFO     | processing.intrusion_detector:check_intrusions:188 | ✅ 이탈 감지: 작업자#1 ← 위험구역 A (중앙) (체류시간: 0.2초)
2026-07-03 10:02:45 | INFO     | communication.event_sender:_sender_loop:198 | [LOCAL] 이벤트: exited 작업자#1 → 위험구역 A (중앙)
2026-07-03 10:02:48 | INFO     | processing.frame_processor:_log_performance:134 | 📊 성능 통계 (1300프레임) | 감지: 23.9ms | 추적: 0.3ms | 침입: 0.0ms | 렌더: 1.4ms | 총: 25.6ms (39.1 FPS)
2026-07-03 10:02:53 | INFO     | processing.frame_processor:_log_performance:134 | 📊 성능 통계 (1400프레임) | 감지: 23.9ms | 추적: 0.3ms | 침입: 0.0ms | 렌더: 1.4ms | 총: 25.6ms (39.0 FPS)
2026-07-03 10:02:54 | INFO     | processing.video_source:read:116 | 영상 반복 재생 시작
2026-07-03 10:02:55 | INFO     | processing.intrusion_detector:check_intrusions:188 | ✅ 이탈 감지: 작업자#1 ← 위험구역 A (중앙) (체류시간: 0.3초)
2026-07-03 10:02:55 | INFO     | communication.event_sender:_sender_loop:198 | [LOCAL] 이벤트: exited 작업자#1 → 위험구역 A (중앙)
2026-07-03 10:02:57 | INFO     | processing.frame_processor:_log_performance:134 | 📊 성능 통계 (1500프레임) | 감지: 23.9ms | 추적: 0.3ms | 침입: 0.0ms | 렌더: 1.4ms | 총: 25.7ms (39.0 FPS)
2026-07-03 10:03:01 | INFO     | processing.frame_processor:_log_performance:134 | 📊 성능 통계 (1600프레임) | 감지: 24.0ms | 추적: 0.3ms | 침입: 0.0ms | 렌더: 1.4ms | 총: 25.7ms (38.9 FPS)
2026-07-03 10:03:05 | INFO     | processing.video_source:read:116 | 영상 반복 재생 시작
2026-07-03 10:03:05 | INFO     | processing.frame_processor:_log_performance:134 | 📊 성능 통계 (1700프레임) | 감지: 24.0ms | 추적: 0.3ms | 침입: 0.0ms | 렌더: 1.4ms | 총: 25.7ms (38.9 FPS)
2026-07-03 10:03:06 | INFO     | processing.intrusion_detector:check_intrusions:188 | ✅ 이탈 감지: 작업자#1 ← 위험구역 A (중앙) (체류시간: 0.2초)
2026-07-03 10:03:06 | INFO     | communication.event_sender:_sender_loop:198 | [LOCAL] 이벤트: exited 작업자#1 → 위험구역 A (중앙)
2026-07-03 10:03:08 | INFO     | __main__:main:263 | 'q' 키 입력 - 종료
2026-07-03 10:03:08 | INFO     | __main__:main:288 | 시스템 종료 중...
2026-07-03 10:03:08 | INFO     | processing.video_source:release:135 | 영상 소스 해제됨
2026-07-03 10:03:09 | INFO     | communication.event_sender:stop:252 | 이벤트 전송기 중지됨 (전송: 0, 실패: 9)
2026-07-03 10:03:09 | INFO     | __main__:main:299 | 📊 최종 성능 통계 | 총 1766프레임 | 감지: 24.0ms | 추적: 0.3ms | 침입: 0.0ms | 렌더: 1.4ms
2026-07-03 10:03:09 | INFO     | __main__:main:309 | 📤 이벤트 통계 | 전송: 0 | 실패: 9 | WS: 0 | REST: 0
2026-07-03 10:03:09 | INFO     | __main__:main:317 | ✅ 시스템 종료 완료
2026-07-03 10:08:31 | INFO     | __main__:main:142 | ============================================================
2026-07-03 10:08:31 | INFO     | __main__:main:143 | 🎯 실시간 영상 처리 및 위험구역 감지 시스템 시작
2026-07-03 10:08:31 | INFO     | __main__:main:144 | ============================================================
2026-07-03 10:08:31 | INFO     | __main__:main:145 | 영상 소스: sample.mp4
2026-07-03 10:08:31 | INFO     | __main__:main:146 | YOLO 모델: yolo11n.pt
2026-07-03 10:08:31 | INFO     | __main__:main:147 | 카메라 ID: cam-001
2026-07-03 10:08:31 | INFO     | __main__:main:148 | 디스플레이: ON
2026-07-03 10:08:31 | INFO     | processing.video_source:create_video_source:258 | 파일 소스 생성: sample.mp4
2026-07-03 10:08:31 | INFO     | processing.video_source:open:89 | 영상 파일 열림: sample.mp4 (720x1280, 24.0fps, 240프레임)
2026-07-03 10:08:31 | INFO     | core.detector:__init__:55 | YOLO 모델 로딩: yolo11n.pt (디바이스: cpu)
2026-07-03 10:08:31 | INFO     | core.detector:__init__:58 | PersonDetector 초기화 완료 (confidence=0.5, iou=0.45, img_size=640)
2026-07-03 10:08:31 | INFO     | core.tracker:__init__:44 | PersonTracker 초기화 완료 (track_thresh=0.25, buffer=30, match_thresh=0.8)
2026-07-03 10:08:31 | INFO     | core.zone_manager:__init__:63 | DangerZoneManager 초기화 완료 (카메라: cam-001, 폴링 간격: 30초)
2026-07-03 10:08:31 | INFO     | visualization.drawer:draw_zones:50 | ============================================================
2026-07-03 10:08:31 | INFO     | visualization.drawer:draw_zones:51 | 🖱️  위험구역 마우스 설정 모드 진입
2026-07-03 10:08:31 | INFO     | visualization.drawer:draw_zones:52 |    - 마우스 좌클릭 : 꼭짓점 지정
2026-07-03 10:08:31 | INFO     | visualization.drawer:draw_zones:53 |    - 마우스 우클릭 : 마지막 점 취소 (Undo)
2026-07-03 10:08:31 | INFO     | visualization.drawer:draw_zones:54 |    - 키보드 [C]    : 현재 그리는 다각형 전체 초기화
2026-07-03 10:08:31 | INFO     | visualization.drawer:draw_zones:55 |    - 키보드 [Enter]/[Space] : 현재 다각형 완성 및 저장
2026-07-03 10:08:31 | INFO     | visualization.drawer:draw_zones:56 |    - 키보드 [S]    : 설정 완료 및 감지 프로그램 시작
2026-07-03 10:08:31 | INFO     | visualization.drawer:draw_zones:57 |    - 키보드 [Q]    : 프로그램 종료
2026-07-03 10:08:31 | INFO     | visualization.drawer:draw_zones:58 | ============================================================
2026-07-03 10:09:21 | DEBUG    | visualization.drawer:_mouse_callback:26 | 꼭짓점 추가: (324, 591) | 현재 총 1개
2026-07-03 10:09:21 | DEBUG    | visualization.drawer:_mouse_callback:31 | 꼭짓점 취소: [324, 591]
2026-07-03 10:09:21 | DEBUG    | visualization.drawer:_mouse_callback:26 | 꼭짓점 추가: (361, 588) | 현재 총 1개
2026-07-03 10:09:22 | DEBUG    | visualization.drawer:_mouse_callback:26 | 꼭짓점 추가: (466, 586) | 현재 총 2개
2026-07-03 10:09:22 | DEBUG    | visualization.drawer:_mouse_callback:26 | 꼭짓점 추가: (504, 592) | 현재 총 3개
2026-07-03 10:09:22 | DEBUG    | visualization.drawer:_mouse_callback:26 | 꼭짓점 추가: (542, 616) | 현재 총 4개
2026-07-03 10:09:23 | DEBUG    | visualization.drawer:_mouse_callback:26 | 꼭짓점 추가: (547, 620) | 현재 총 5개
2026-07-03 10:09:24 | DEBUG    | visualization.drawer:_mouse_callback:26 | 꼭짓점 추가: (351, 600) | 현재 총 6개
2026-07-03 10:09:24 | DEBUG    | visualization.drawer:_mouse_callback:26 | 꼭짓점 추가: (348, 609) | 현재 총 7개
2026-07-03 10:09:25 | DEBUG    | visualization.drawer:_mouse_callback:26 | 꼭짓점 추가: (350, 627) | 현재 총 8개
2026-07-03 10:09:25 | DEBUG    | visualization.drawer:_mouse_callback:26 | 꼭짓점 추가: (358, 631) | 현재 총 9개
2026-07-03 10:09:26 | DEBUG    | visualization.drawer:_mouse_callback:26 | 꼭짓점 추가: (444, 630) | 현재 총 10개
2026-07-03 10:09:26 | DEBUG    | visualization.drawer:_mouse_callback:26 | 꼭짓점 추가: (556, 624) | 현재 총 11개
2026-07-03 10:09:28 | DEBUG    | visualization.drawer:_mouse_callback:26 | 꼭짓점 추가: (357, 592) | 현재 총 12개
2026-07-03 10:09:28 | DEBUG    | visualization.drawer:_mouse_callback:26 | 꼭짓점 추가: (354, 601) | 현재 총 13개
2026-07-03 10:09:28 | DEBUG    | visualization.drawer:_mouse_callback:26 | 꼭짓점 추가: (357, 594) | 현재 총 14개
2026-07-03 10:09:29 | DEBUG    | visualization.drawer:_mouse_callback:26 | 꼭짓점 추가: (359, 584) | 현재 총 15개
2026-07-03 10:09:29 | DEBUG    | visualization.drawer:_mouse_callback:26 | 꼭짓점 추가: (359, 605) | 현재 총 16개
2026-07-03 10:09:29 | DEBUG    | visualization.drawer:_mouse_callback:26 | 꼭짓점 추가: (359, 607) | 현재 총 17개
2026-07-03 10:09:30 | DEBUG    | visualization.drawer:_mouse_callback:31 | 꼭짓점 취소: [359, 607]
2026-07-03 10:09:30 | DEBUG    | visualization.drawer:_mouse_callback:31 | 꼭짓점 취소: [359, 605]
2026-07-03 10:09:31 | DEBUG    | visualization.drawer:_mouse_callback:26 | 꼭짓점 추가: (517, 602) | 현재 총 16개
2026-07-03 10:09:33 | INFO     | visualization.drawer:draw_zones:110 | 위험구역 저장 완료 (Zone-1)
2026-07-03 10:09:45 | DEBUG    | visualization.drawer:_mouse_callback:26 | 꼭짓점 추가: (535, 611) | 현재 총 1개
2026-07-03 10:09:45 | DEBUG    | visualization.drawer:_mouse_callback:26 | 꼭짓점 추가: (547, 611) | 현재 총 2개
2026-07-03 10:09:45 | DEBUG    | visualization.drawer:_mouse_callback:26 | 꼭짓점 추가: (586, 623) | 현재 총 3개
2026-07-03 10:09:45 | DEBUG    | visualization.drawer:_mouse_callback:26 | 꼭짓점 추가: (626, 634) | 현재 총 4개
2026-07-03 10:09:45 | DEBUG    | visualization.drawer:_mouse_callback:26 | 꼭짓점 추가: (629, 635) | 현재 총 5개
2026-07-03 10:09:46 | DEBUG    | visualization.drawer:_mouse_callback:26 | 꼭짓점 추가: (606, 638) | 현재 총 6개
2026-07-03 10:09:46 | DEBUG    | visualization.drawer:_mouse_callback:26 | 꼭짓점 추가: (589, 634) | 현재 총 7개
2026-07-03 10:09:46 | DEBUG    | visualization.drawer:_mouse_callback:26 | 꼭짓점 추가: (551, 637) | 현재 총 8개
2026-07-03 10:09:46 | DEBUG    | visualization.drawer:_mouse_callback:26 | 꼭짓점 추가: (545, 632) | 현재 총 9개
2026-07-03 10:09:46 | DEBUG    | visualization.drawer:_mouse_callback:26 | 꼭짓점 추가: (546, 622) | 현재 총 10개
2026-07-03 10:09:47 | DEBUG    | visualization.drawer:_mouse_callback:26 | 꼭짓점 추가: (546, 620) | 현재 총 11개
2026-07-03 10:09:47 | DEBUG    | visualization.drawer:_mouse_callback:26 | 꼭짓점 추가: (541, 617) | 현재 총 12개
2026-07-03 10:09:48 | INFO     | visualization.drawer:draw_zones:110 | 위험구역 저장 완료 (Zone-2)
2026-07-03 10:09:51 | DEBUG    | visualization.drawer:_mouse_callback:26 | 꼭짓점 추가: (558, 440) | 현재 총 1개
2026-07-03 10:09:55 | INFO     | visualization.drawer:draw_zones:118 | 총 2개의 위험구역을 설정하고 감지를 시작합니다.
2026-07-03 10:09:55 | INFO     | core.zone_manager:add_zone:122 | 위험구역 추가: 사용자 위험구역 1 (drawn-zone-1)
2026-07-03 10:09:55 | INFO     | core.zone_manager:add_zone:122 | 위험구역 추가: 사용자 위험구역 2 (drawn-zone-2)
2026-07-03 10:09:55 | INFO     | processing.intrusion_detector:__init__:72 | IntrusionDetector 초기화 완료 (쿨다운: 10.0초)
2026-07-03 10:09:55 | INFO     | communication.event_sender:__init__:68 | EventSender 초기화 완료 (WS: ws://localhost:8000/ws/events, 스냅샷: True)
2026-07-03 10:09:55 | INFO     | communication.event_sender:start:177 | 이벤트 전송기 시작됨
2026-07-03 10:09:55 | INFO     | processing.frame_processor:__init__:57 | FrameProcessor 초기화 완료
2026-07-03 10:09:55 | INFO     | __main__:main:266 | 🚀 메인 루프 시작 (종료: 'q' 키 또는 Ctrl+C)
2026-07-03 10:09:55 | WARNING  | processing.intrusion_detector:check_intrusions:137 | ⚠️ 침입 감지! 작업자#1 → 사용자 위험구역 1 (위치: (489, 593), 위험등급: high)
2026-07-03 10:09:55 | INFO     | communication.event_sender:_save_snapshot:163 | 스냅샷 저장: snapshots/intrusion_cam-001_worker1_drawn-zone-1_20260703_100955.jpg
2026-07-03 10:09:55 | INFO     | communication.event_sender:_sender_loop:198 | [LOCAL] 이벤트: entered 작업자#1 → 사용자 위험구역 1
2026-07-03 10:09:56 | INFO     | processing.intrusion_detector:check_intrusions:188 | ✅ 이탈 감지: 작업자#1 ← 사용자 위험구역 1 (체류시간: 0.7초)
2026-07-03 10:09:56 | INFO     | communication.event_sender:_sender_loop:198 | [LOCAL] 이벤트: exited 작업자#1 → 사용자 위험구역 1
2026-07-03 10:09:58 | INFO     | processing.intrusion_detector:check_intrusions:188 | ✅ 이탈 감지: 작업자#1 ← 사용자 위험구역 1 (체류시간: 0.8초)
2026-07-03 10:09:58 | INFO     | communication.event_sender:_sender_loop:198 | [LOCAL] 이벤트: exited 작업자#1 → 사용자 위험구역 1
2026-07-03 10:09:59 | WARNING  | processing.intrusion_detector:check_intrusions:137 | ⚠️ 침입 감지! 작업자#1 → 사용자 위험구역 2 (위치: (562, 618), 위험등급: high)
2026-07-03 10:09:59 | INFO     | communication.event_sender:_save_snapshot:163 | 스냅샷 저장: snapshots/intrusion_cam-001_worker1_drawn-zone-2_20260703_100959.jpg
2026-07-03 10:09:59 | INFO     | communication.event_sender:_sender_loop:198 | [LOCAL] 이벤트: entered 작업자#1 → 사용자 위험구역 2
2026-07-03 10:09:59 | INFO     | processing.intrusion_detector:check_intrusions:188 | ✅ 이탈 감지: 작업자#1 ← 사용자 위험구역 1 (체류시간: 0.7초)
2026-07-03 10:09:59 | INFO     | communication.event_sender:_sender_loop:198 | [LOCAL] 이벤트: exited 작업자#1 → 사용자 위험구역 1
2026-07-03 10:09:59 | INFO     | processing.intrusion_detector:check_intrusions:188 | ✅ 이탈 감지: 작업자#1 ← 사용자 위험구역 2 (체류시간: 0.3초)
2026-07-03 10:09:59 | INFO     | communication.event_sender:_sender_loop:198 | [LOCAL] 이벤트: exited 작업자#1 → 사용자 위험구역 2
2026-07-03 10:10:00 | INFO     | processing.frame_processor:_log_performance:134 | 📊 성능 통계 (100프레임) | 감지: 35.1ms | 추적: 0.5ms | 침입: 0.0ms | 렌더: 1.7ms | 총: 37.3ms (26.8 FPS)
2026-07-03 10:10:03 | INFO     | processing.intrusion_detector:check_intrusions:188 | ✅ 이탈 감지: 작업자#1 ← 사용자 위험구역 2 (체류시간: 0.4초)
2026-07-03 10:10:03 | INFO     | communication.event_sender:_sender_loop:198 | [LOCAL] 이벤트: exited 작업자#1 → 사용자 위험구역 2
2026-07-03 10:10:06 | INFO     | processing.frame_processor:_log_performance:134 | 📊 성능 통계 (200프레임) | 감지: 38.5ms | 추적: 0.5ms | 침입: 0.0ms | 렌더: 1.9ms | 총: 41.0ms (24.4 FPS)
2026-07-03 10:10:10 | INFO     | processing.video_source:read:116 | 영상 반복 재생 시작
2026-07-03 10:10:10 | WARNING  | processing.intrusion_detector:check_intrusions:137 | ⚠️ 침입 감지! 작업자#1 → 사용자 위험구역 1 (위치: (489, 593), 위험등급: high)
2026-07-03 10:10:10 | INFO     | communication.event_sender:_save_snapshot:163 | 스냅샷 저장: snapshots/intrusion_cam-001_worker1_drawn-zone-1_20260703_101010.jpg
2026-07-03 10:10:10 | INFO     | communication.event_sender:_sender_loop:198 | [LOCAL] 이벤트: entered 작업자#1 → 사용자 위험구역 1
2026-07-03 10:10:11 | INFO     | processing.intrusion_detector:check_intrusions:188 | ✅ 이탈 감지: 작업자#1 ← 사용자 위험구역 1 (체류시간: 1.5초)
2026-07-03 10:10:11 | INFO     | communication.event_sender:_sender_loop:198 | [LOCAL] 이벤트: exited 작업자#1 → 사용자 위험구역 1
2026-07-03 10:10:13 | INFO     | __main__:main:289 | 'q' 키 입력 - 종료
2026-07-03 10:10:13 | INFO     | __main__:main:314 | 시스템 종료 중...
2026-07-03 10:10:13 | INFO     | processing.video_source:release:135 | 영상 소스 해제됨
2026-07-03 10:10:13 | INFO     | communication.event_sender:stop:252 | 이벤트 전송기 중지됨 (전송: 0, 실패: 9)
2026-07-03 10:10:13 | INFO     | __main__:main:325 | 📊 최종 성능 통계 | 총 275프레임 | 감지: 43.2ms | 추적: 0.6ms | 침입: 0.0ms | 렌더: 2.2ms
2026-07-03 10:10:13 | INFO     | __main__:main:335 | 📤 이벤트 통계 | 전송: 0 | 실패: 9 | WS: 0 | REST: 0
2026-07-03 10:10:13 | INFO     | __main__:main:343 | ✅ 시스템 종료 완료
2026-07-03 12:41:43 | INFO     | __main__:main:142 | ============================================================
2026-07-03 12:41:43 | INFO     | __main__:main:143 | 🎯 실시간 영상 처리 및 위험구역 감지 시스템 시작
2026-07-03 12:41:43 | INFO     | __main__:main:144 | ============================================================
2026-07-03 12:41:43 | INFO     | __main__:main:145 | 영상 소스: sample.mp4
2026-07-03 12:41:43 | INFO     | __main__:main:146 | YOLO 모델: yolo11n.pt
2026-07-03 12:41:43 | INFO     | __main__:main:147 | 카메라 ID: cam-001
2026-07-03 12:41:43 | INFO     | __main__:main:148 | 디스플레이: ON
2026-07-03 12:41:43 | INFO     | processing.video_source:create_video_source:258 | 파일 소스 생성: sample.mp4
2026-07-03 12:41:43 | INFO     | processing.video_source:open:89 | 영상 파일 열림: sample.mp4 (720x1280, 24.0fps, 240프레임)
2026-07-03 12:41:43 | INFO     | core.detector:__init__:55 | YOLO 모델 로딩: yolo11n.pt (디바이스: cpu)
2026-07-03 12:41:43 | INFO     | core.detector:__init__:58 | PersonDetector 초기화 완료 (confidence=0.5, iou=0.45, img_size=640)
2026-07-03 12:41:43 | INFO     | core.tracker:__init__:44 | PersonTracker 초기화 완료 (track_thresh=0.25, buffer=30, match_thresh=0.8)
2026-07-03 12:41:43 | INFO     | core.zone_manager:__init__:63 | DangerZoneManager 초기화 완료 (카메라: cam-001, 폴링 간격: 30초)
2026-07-03 12:41:43 | INFO     | core.zone_manager:add_zone:122 | 위험구역 추가: 위험구역 A (중앙) (demo-zone-1)
2026-07-03 12:41:43 | INFO     | core.zone_manager:add_zone:122 | 위험구역 추가: 위험구역 B (우측) (demo-zone-2)
2026-07-03 12:41:43 | INFO     | core.zone_manager:set_demo_zones:230 | 데모 위험구역 2개 생성됨
2026-07-03 12:41:43 | INFO     | __main__:main:218 | 🔶 데모 모드 활성화 - 기본 위험구역 생성됨
2026-07-03 12:41:43 | INFO     | processing.intrusion_detector:__init__:72 | IntrusionDetector 초기화 완료 (쿨다운: 10.0초)
2026-07-03 12:41:43 | INFO     | communication.event_sender:__init__:68 | EventSender 초기화 완료 (WS: ws://localhost:8000/ws/events, 스냅샷: True)
2026-07-03 12:41:43 | INFO     | communication.event_sender:start:177 | 이벤트 전송기 시작됨
2026-07-03 12:41:43 | INFO     | processing.frame_processor:__init__:57 | FrameProcessor 초기화 완료
2026-07-03 12:41:43 | INFO     | __main__:main:266 | 🚀 메인 루프 시작 (종료: 'q' 키 또는 Ctrl+C)
2026-07-03 12:41:45 | WARNING  | processing.intrusion_detector:check_intrusions:137 | ⚠️ 침입 감지! 작업자#1 → 위험구역 A (중앙) (위치: (487, 570), 위험등급: high)
2026-07-03 12:41:45 | INFO     | communication.event_sender:_save_snapshot:163 | 스냅샷 저장: snapshots/intrusion_cam-001_worker1_demo-zone-1_20260703_124145.jpg
2026-07-03 12:41:45 | INFO     | communication.event_sender:_sender_loop:198 | [LOCAL] 이벤트: entered 작업자#1 → 위험구역 A (중앙)
2026-07-03 12:41:45 | INFO     | processing.intrusion_detector:check_intrusions:188 | ✅ 이탈 감지: 작업자#1 ← 위험구역 A (중앙) (체류시간: 0.3초)
2026-07-03 12:41:45 | INFO     | communication.event_sender:_sender_loop:198 | [LOCAL] 이벤트: exited 작업자#1 → 위험구역 A (중앙)
2026-07-03 12:41:48 | INFO     | processing.frame_processor:_log_performance:134 | 📊 성능 통계 (100프레임) | 감지: 30.4ms | 추적: 0.4ms | 침입: 0.0ms | 렌더: 1.9ms | 총: 32.7ms (30.6 FPS)
2026-07-03 12:41:53 | INFO     | __main__:main:289 | 'q' 키 입력 - 종료
2026-07-03 12:41:53 | INFO     | __main__:main:314 | 시스템 종료 중...
2026-07-03 12:41:53 | INFO     | processing.video_source:release:135 | 영상 소스 해제됨
2026-07-03 12:41:54 | INFO     | communication.event_sender:stop:252 | 이벤트 전송기 중지됨 (전송: 0, 실패: 2)
2026-07-03 12:41:54 | INFO     | __main__:main:325 | 📊 최종 성능 통계 | 총 196프레임 | 감지: 29.7ms | 추적: 0.3ms | 침입: 0.0ms | 렌더: 1.8ms
2026-07-03 12:41:54 | INFO     | __main__:main:335 | 📤 이벤트 통계 | 전송: 0 | 실패: 2 | WS: 0 | REST: 0
2026-07-03 12:41:54 | INFO     | __main__:main:343 | ✅ 시스템 종료 완료
2026-07-03 12:42:31 | INFO     | __main__:main:142 | ============================================================
2026-07-03 12:42:31 | INFO     | __main__:main:143 | 🎯 실시간 영상 처리 및 위험구역 감지 시스템 시작
2026-07-03 12:42:31 | INFO     | __main__:main:144 | ============================================================
2026-07-03 12:42:31 | INFO     | __main__:main:145 | 영상 소스: sample.mp4
2026-07-03 12:42:31 | INFO     | __main__:main:146 | YOLO 모델: yolo11n.pt
2026-07-03 12:42:31 | INFO     | __main__:main:147 | 카메라 ID: cam-001
2026-07-03 12:42:31 | INFO     | __main__:main:148 | 디스플레이: ON
2026-07-03 12:42:31 | INFO     | processing.video_source:create_video_source:258 | 파일 소스 생성: sample.mp4
2026-07-03 12:42:31 | INFO     | processing.video_source:open:89 | 영상 파일 열림: sample.mp4 (720x1280, 24.0fps, 240프레임)
2026-07-03 12:42:31 | INFO     | core.detector:__init__:55 | YOLO 모델 로딩: yolo11n.pt (디바이스: cpu)
2026-07-03 12:42:31 | INFO     | core.detector:__init__:58 | PersonDetector 초기화 완료 (confidence=0.5, iou=0.45, img_size=640)
2026-07-03 12:42:31 | INFO     | core.tracker:__init__:44 | PersonTracker 초기화 완료 (track_thresh=0.25, buffer=30, match_thresh=0.8)
2026-07-03 12:42:31 | INFO     | core.zone_manager:__init__:63 | DangerZoneManager 초기화 완료 (카메라: cam-001, 폴링 간격: 30초)
2026-07-03 12:42:31 | INFO     | visualization.drawer:draw_zones:50 | ============================================================
2026-07-03 12:42:31 | INFO     | visualization.drawer:draw_zones:51 | 🖱️  위험구역 마우스 설정 모드 진입
2026-07-03 12:42:31 | INFO     | visualization.drawer:draw_zones:52 |    - 마우스 좌클릭 : 꼭짓점 지정
2026-07-03 12:42:31 | INFO     | visualization.drawer:draw_zones:53 |    - 마우스 우클릭 : 마지막 점 취소 (Undo)
2026-07-03 12:42:31 | INFO     | visualization.drawer:draw_zones:54 |    - 키보드 [C]    : 현재 그리는 다각형 전체 초기화
2026-07-03 12:42:31 | INFO     | visualization.drawer:draw_zones:55 |    - 키보드 [Enter]/[Space] : 현재 다각형 완성 및 저장
2026-07-03 12:42:31 | INFO     | visualization.drawer:draw_zones:56 |    - 키보드 [S]    : 설정 완료 및 감지 프로그램 시작
2026-07-03 12:42:31 | INFO     | visualization.drawer:draw_zones:57 |    - 키보드 [Q]    : 프로그램 종료
2026-07-03 12:42:31 | INFO     | visualization.drawer:draw_zones:58 | ============================================================
2026-07-03 12:42:35 | DEBUG    | visualization.drawer:_mouse_callback:26 | 꼭짓점 추가: (348, 570) | 현재 총 1개
2026-07-03 12:42:36 | DEBUG    | visualization.drawer:_mouse_callback:26 | 꼭짓점 추가: (467, 586) | 현재 총 2개
2026-07-03 12:42:37 | DEBUG    | visualization.drawer:_mouse_callback:26 | 꼭짓점 추가: (534, 603) | 현재 총 3개
2026-07-03 12:42:37 | DEBUG    | visualization.drawer:_mouse_callback:26 | 꼭짓점 추가: (566, 603) | 현재 총 4개
2026-07-03 12:42:37 | DEBUG    | visualization.drawer:_mouse_callback:26 | 꼭짓점 추가: (570, 607) | 현재 총 5개
2026-07-03 12:42:37 | DEBUG    | visualization.drawer:_mouse_callback:26 | 꼭짓점 추가: (576, 617) | 현재 총 6개
2026-07-03 12:42:37 | DEBUG    | visualization.drawer:_mouse_callback:26 | 꼭짓점 추가: (564, 628) | 현재 총 7개
2026-07-03 12:42:37 | DEBUG    | visualization.drawer:_mouse_callback:26 | 꼭짓점 추가: (525, 633) | 현재 총 8개
2026-07-03 12:42:38 | DEBUG    | visualization.drawer:_mouse_callback:26 | 꼭짓점 추가: (482, 631) | 현재 총 9개
2026-07-03 12:42:38 | DEBUG    | visualization.drawer:_mouse_callback:26 | 꼭짓점 추가: (396, 621) | 현재 총 10개
2026-07-03 12:42:38 | DEBUG    | visualization.drawer:_mouse_callback:26 | 꼭짓점 추가: (352, 612) | 현재 총 11개
2026-07-03 12:42:39 | DEBUG    | visualization.drawer:_mouse_callback:26 | 꼭짓점 추가: (347, 574) | 현재 총 12개
2026-07-03 12:42:39 | DEBUG    | visualization.drawer:_mouse_callback:31 | 꼭짓점 취소: [347, 574]
2026-07-03 12:42:41 | DEBUG    | visualization.drawer:_mouse_callback:26 | 꼭짓점 추가: (347, 573) | 현재 총 12개
2026-07-03 12:42:42 | INFO     | visualization.drawer:draw_zones:110 | 위험구역 저장 완료 (Zone-1)
2026-07-03 12:42:44 | DEBUG    | visualization.drawer:_mouse_callback:26 | 꼭짓점 추가: (873, 376) | 현재 총 1개
2026-07-03 12:42:49 | DEBUG    | visualization.drawer:_mouse_callback:26 | 꼭짓점 추가: (668, 405) | 현재 총 2개
2026-07-03 12:42:52 | WARNING  | visualization.drawer:draw_zones:113 | 위험구역은 최소 3개 이상의 꼭짓점이 필요합니다.
2026-07-03 12:42:55 | DEBUG    | visualization.drawer:_mouse_callback:31 | 꼭짓점 취소: [668, 405]
2026-07-03 12:42:56 | WARNING  | visualization.drawer:draw_zones:113 | 위험구역은 최소 3개 이상의 꼭짓점이 필요합니다.
2026-07-03 12:42:57 | DEBUG    | visualization.drawer:_mouse_callback:31 | 꼭짓점 취소: [873, 376]
2026-07-03 12:42:57 | WARNING  | visualization.drawer:draw_zones:113 | 위험구역은 최소 3개 이상의 꼭짓점이 필요합니다.
2026-07-03 12:42:58 | WARNING  | visualization.drawer:draw_zones:113 | 위험구역은 최소 3개 이상의 꼭짓점이 필요합니다.
2026-07-03 12:43:02 | WARNING  | visualization.drawer:draw_zones:113 | 위험구역은 최소 3개 이상의 꼭짓점이 필요합니다.
2026-07-03 12:43:02 | WARNING  | visualization.drawer:draw_zones:113 | 위험구역은 최소 3개 이상의 꼭짓점이 필요합니다.
2026-07-03 12:43:02 | WARNING  | visualization.drawer:draw_zones:113 | 위험구역은 최소 3개 이상의 꼭짓점이 필요합니다.
2026-07-03 12:43:02 | WARNING  | visualization.drawer:draw_zones:113 | 위험구역은 최소 3개 이상의 꼭짓점이 필요합니다.
2026-07-03 12:43:03 | WARNING  | visualization.drawer:draw_zones:113 | 위험구역은 최소 3개 이상의 꼭짓점이 필요합니다.
2026-07-03 12:43:03 | WARNING  | visualization.drawer:draw_zones:113 | 위험구역은 최소 3개 이상의 꼭짓점이 필요합니다.
2026-07-03 12:43:04 | DEBUG    | visualization.drawer:_mouse_callback:26 | 꼭짓점 추가: (761, 449) | 현재 총 1개
2026-07-03 12:43:04 | DEBUG    | visualization.drawer:_mouse_callback:26 | 꼭짓점 추가: (666, 538) | 현재 총 2개
2026-07-03 12:43:05 | DEBUG    | visualization.drawer:_mouse_callback:26 | 꼭짓점 추가: (719, 580) | 현재 총 3개
2026-07-03 12:43:05 | DEBUG    | visualization.drawer:_mouse_callback:26 | 꼭짓점 추가: (751, 577) | 현재 총 4개
2026-07-03 12:43:05 | DEBUG    | visualization.drawer:_mouse_callback:26 | 꼭짓점 추가: (785, 513) | 현재 총 5개
2026-07-03 12:43:05 | DEBUG    | visualization.drawer:_mouse_callback:26 | 꼭짓점 추가: (782, 473) | 현재 총 6개
2026-07-03 12:43:06 | DEBUG    | visualization.drawer:_mouse_callback:26 | 꼭짓점 추가: (767, 465) | 현재 총 7개
2026-07-03 12:43:06 | DEBUG    | visualization.drawer:_mouse_callback:26 | 꼭짓점 추가: (759, 459) | 현재 총 8개
2026-07-03 12:43:06 | DEBUG    | visualization.drawer:_mouse_callback:26 | 꼭짓점 추가: (765, 457) | 현재 총 9개
2026-07-03 12:43:07 | DEBUG    | visualization.drawer:_mouse_callback:26 | 꼭짓점 추가: (765, 449) | 현재 총 10개
2026-07-03 12:43:07 | DEBUG    | visualization.drawer:_mouse_callback:26 | 꼭짓점 추가: (763, 453) | 현재 총 11개
2026-07-03 12:43:08 | DEBUG    | visualization.drawer:_mouse_callback:31 | 꼭짓점 취소: [763, 453]
2026-07-03 12:43:08 | INFO     | visualization.drawer:draw_zones:110 | 위험구역 저장 완료 (Zone-2)
2026-07-03 12:43:10 | WARNING  | visualization.drawer:draw_zones:113 | 위험구역은 최소 3개 이상의 꼭짓점이 필요합니다.
2026-07-03 12:43:11 | WARNING  | visualization.drawer:draw_zones:113 | 위험구역은 최소 3개 이상의 꼭짓점이 필요합니다.
2026-07-03 12:43:11 | WARNING  | visualization.drawer:draw_zones:113 | 위험구역은 최소 3개 이상의 꼭짓점이 필요합니다.
2026-07-03 12:43:12 | WARNING  | visualization.drawer:draw_zones:113 | 위험구역은 최소 3개 이상의 꼭짓점이 필요합니다.
2026-07-03 12:43:12 | WARNING  | visualization.drawer:draw_zones:113 | 위험구역은 최소 3개 이상의 꼭짓점이 필요합니다.
2026-07-03 12:43:12 | WARNING  | visualization.drawer:draw_zones:113 | 위험구역은 최소 3개 이상의 꼭짓점이 필요합니다.
2026-07-03 12:43:12 | WARNING  | visualization.drawer:draw_zones:113 | 위험구역은 최소 3개 이상의 꼭짓점이 필요합니다.
2026-07-03 12:43:13 | WARNING  | visualization.drawer:draw_zones:113 | 위험구역은 최소 3개 이상의 꼭짓점이 필요합니다.
2026-07-03 12:43:13 | WARNING  | visualization.drawer:draw_zones:113 | 위험구역은 최소 3개 이상의 꼭짓점이 필요합니다.
2026-07-03 12:43:13 | WARNING  | visualization.drawer:draw_zones:113 | 위험구역은 최소 3개 이상의 꼭짓점이 필요합니다.
2026-07-03 12:43:17 | INFO     | visualization.drawer:draw_zones:118 | 총 2개의 위험구역을 설정하고 감지를 시작합니다.
2026-07-03 12:43:17 | INFO     | core.zone_manager:add_zone:122 | 위험구역 추가: 사용자 위험구역 1 (drawn-zone-1)
2026-07-03 12:43:17 | INFO     | core.zone_manager:add_zone:122 | 위험구역 추가: 사용자 위험구역 2 (drawn-zone-2)
2026-07-03 12:43:17 | INFO     | processing.intrusion_detector:__init__:72 | IntrusionDetector 초기화 완료 (쿨다운: 10.0초)
2026-07-03 12:43:17 | INFO     | communication.event_sender:__init__:68 | EventSender 초기화 완료 (WS: ws://localhost:8000/ws/events, 스냅샷: True)
2026-07-03 12:43:17 | INFO     | communication.event_sender:start:177 | 이벤트 전송기 시작됨
2026-07-03 12:43:17 | INFO     | processing.frame_processor:__init__:57 | FrameProcessor 초기화 완료
2026-07-03 12:43:17 | INFO     | __main__:main:266 | 🚀 메인 루프 시작 (종료: 'q' 키 또는 Ctrl+C)
2026-07-03 12:43:18 | WARNING  | processing.intrusion_detector:check_intrusions:137 | ⚠️ 침입 감지! 작업자#1 → 사용자 위험구역 1 (위치: (488, 595), 위험등급: high)
2026-07-03 12:43:18 | INFO     | communication.event_sender:_save_snapshot:163 | 스냅샷 저장: snapshots/intrusion_cam-001_worker1_drawn-zone-1_20260703_124318.jpg
2026-07-03 12:43:18 | INFO     | communication.event_sender:_sender_loop:198 | [LOCAL] 이벤트: entered 작업자#1 → 사용자 위험구역 1
2026-07-03 12:43:18 | INFO     | processing.intrusion_detector:check_intrusions:188 | ✅ 이탈 감지: 작업자#1 ← 사용자 위험구역 1 (체류시간: 0.7초)
2026-07-03 12:43:18 | INFO     | communication.event_sender:_sender_loop:198 | [LOCAL] 이벤트: exited 작업자#1 → 사용자 위험구역 1
2026-07-03 12:43:20 | INFO     | processing.intrusion_detector:check_intrusions:188 | ✅ 이탈 감지: 작업자#1 ← 사용자 위험구역 1 (체류시간: 0.6초)
2026-07-03 12:43:20 | INFO     | communication.event_sender:_sender_loop:198 | [LOCAL] 이벤트: exited 작업자#1 → 사용자 위험구역 1
2026-07-03 12:43:22 | INFO     | processing.intrusion_detector:check_intrusions:188 | ✅ 이탈 감지: 작업자#1 ← 사용자 위험구역 1 (체류시간: 0.8초)
2026-07-03 12:43:22 | INFO     | communication.event_sender:_sender_loop:198 | [LOCAL] 이벤트: exited 작업자#1 → 사용자 위험구역 1
2026-07-03 12:43:22 | INFO     | processing.frame_processor:_log_performance:134 | 📊 성능 통계 (100프레임) | 감지: 29.4ms | 추적: 0.4ms | 침입: 0.0ms | 렌더: 1.5ms | 총: 31.4ms (31.9 FPS)
2026-07-03 12:43:27 | INFO     | processing.frame_processor:_log_performance:134 | 📊 성능 통계 (200프레임) | 감지: 28.6ms | 추적: 0.4ms | 침입: 0.0ms | 렌더: 1.5ms | 총: 30.5ms (32.8 FPS)
2026-07-03 12:43:29 | INFO     | processing.video_source:read:116 | 영상 반복 재생 시작
2026-07-03 12:43:29 | INFO     | __main__:main:289 | 'q' 키 입력 - 종료
2026-07-03 12:43:29 | INFO     | __main__:main:314 | 시스템 종료 중...
2026-07-03 12:43:29 | INFO     | processing.video_source:release:135 | 영상 소스 해제됨
2026-07-03 12:43:30 | INFO     | communication.event_sender:stop:252 | 이벤트 전송기 중지됨 (전송: 0, 실패: 4)
2026-07-03 12:43:30 | INFO     | __main__:main:325 | 📊 최종 성능 통계 | 총 244프레임 | 감지: 28.6ms | 추적: 0.4ms | 침입: 0.0ms | 렌더: 1.5ms
2026-07-03 12:43:30 | INFO     | __main__:main:335 | 📤 이벤트 통계 | 전송: 0 | 실패: 4 | WS: 0 | REST: 0
2026-07-03 12:43:30 | INFO     | __main__:main:343 | ✅ 시스템 종료 완료
2026-07-03 12:45:46 | INFO     | __main__:main:142 | ============================================================
2026-07-03 12:45:46 | INFO     | __main__:main:143 | 🎯 실시간 영상 처리 및 위험구역 감지 시스템 시작
2026-07-03 12:45:46 | INFO     | __main__:main:144 | ============================================================
2026-07-03 12:45:46 | INFO     | __main__:main:145 | 영상 소스: sample.mp4
2026-07-03 12:45:46 | INFO     | __main__:main:146 | YOLO 모델: yolo11n.pt
2026-07-03 12:45:46 | INFO     | __main__:main:147 | 카메라 ID: cam-001
2026-07-03 12:45:46 | INFO     | __main__:main:148 | 디스플레이: ON
2026-07-03 12:45:46 | INFO     | processing.video_source:create_video_source:258 | 파일 소스 생성: sample.mp4
2026-07-03 12:45:46 | INFO     | processing.video_source:open:89 | 영상 파일 열림: sample.mp4 (720x1280, 24.0fps, 240프레임)
2026-07-03 12:45:46 | INFO     | core.detector:__init__:55 | YOLO 모델 로딩: yolo11n.pt (디바이스: cpu)
2026-07-03 12:45:46 | INFO     | core.detector:__init__:58 | PersonDetector 초기화 완료 (confidence=0.5, iou=0.45, img_size=640)
2026-07-03 12:45:46 | INFO     | core.tracker:__init__:44 | PersonTracker 초기화 완료 (track_thresh=0.25, buffer=30, match_thresh=0.8)
2026-07-03 12:45:46 | INFO     | core.zone_manager:__init__:63 | DangerZoneManager 초기화 완료 (카메라: cam-001, 폴링 간격: 30초)
2026-07-03 12:45:46 | INFO     | core.zone_manager:add_zone:122 | 위험구역 추가: 위험구역 A (중앙) (demo-zone-1)
2026-07-03 12:45:46 | INFO     | core.zone_manager:add_zone:122 | 위험구역 추가: 위험구역 B (우측) (demo-zone-2)
2026-07-03 12:45:46 | INFO     | core.zone_manager:set_demo_zones:230 | 데모 위험구역 2개 생성됨
2026-07-03 12:45:46 | INFO     | __main__:main:218 | 🔶 데모 모드 활성화 - 기본 위험구역 생성됨
2026-07-03 12:45:46 | INFO     | processing.intrusion_detector:__init__:72 | IntrusionDetector 초기화 완료 (쿨다운: 10.0초)
2026-07-03 12:45:46 | INFO     | communication.event_sender:__init__:68 | EventSender 초기화 완료 (WS: ws://localhost:8000/ws/events, 스냅샷: True)
2026-07-03 12:45:46 | INFO     | communication.event_sender:start:177 | 이벤트 전송기 시작됨
2026-07-03 12:45:46 | INFO     | processing.frame_processor:__init__:57 | FrameProcessor 초기화 완료
2026-07-03 12:45:46 | INFO     | __main__:main:266 | 🚀 메인 루프 시작 (종료: 'q' 키 또는 Ctrl+C)
2026-07-03 12:45:47 | WARNING  | processing.intrusion_detector:check_intrusions:137 | ⚠️ 침입 감지! 작업자#1 → 위험구역 A (중앙) (위치: (487, 570), 위험등급: high)
2026-07-03 12:45:47 | INFO     | communication.event_sender:_save_snapshot:163 | 스냅샷 저장: snapshots/intrusion_cam-001_worker1_demo-zone-1_20260703_124547.jpg
2026-07-03 12:45:47 | INFO     | communication.event_sender:_sender_loop:198 | [LOCAL] 이벤트: entered 작업자#1 → 위험구역 A (중앙)
2026-07-03 12:45:47 | INFO     | processing.intrusion_detector:check_intrusions:188 | ✅ 이탈 감지: 작업자#1 ← 위험구역 A (중앙) (체류시간: 0.3초)
2026-07-03 12:45:47 | INFO     | communication.event_sender:_sender_loop:198 | [LOCAL] 이벤트: exited 작업자#1 → 위험구역 A (중앙)
2026-07-03 12:45:50 | INFO     | processing.frame_processor:_log_performance:134 | 📊 성능 통계 (100프레임) | 감지: 26.2ms | 추적: 0.3ms | 침입: 0.0ms | 렌더: 1.8ms | 총: 28.3ms (35.3 FPS)
2026-07-03 12:45:55 | INFO     | processing.frame_processor:_log_performance:134 | 📊 성능 통계 (200프레임) | 감지: 25.6ms | 추적: 0.3ms | 침입: 0.0ms | 렌더: 1.6ms | 총: 27.6ms (36.3 FPS)
2026-07-03 12:46:08 | INFO     | __main__:main:142 | ============================================================
2026-07-03 12:46:08 | INFO     | __main__:main:143 | 🎯 실시간 영상 처리 및 위험구역 감지 시스템 시작
2026-07-03 12:46:08 | INFO     | __main__:main:144 | ============================================================
2026-07-03 12:46:08 | INFO     | __main__:main:145 | 영상 소스: sample.mp4
2026-07-03 12:46:08 | INFO     | __main__:main:146 | YOLO 모델: yolo11n.pt
2026-07-03 12:46:08 | INFO     | __main__:main:147 | 카메라 ID: cam-001
2026-07-03 12:46:08 | INFO     | __main__:main:148 | 디스플레이: ON
2026-07-03 12:46:08 | INFO     | processing.video_source:create_video_source:258 | 파일 소스 생성: sample.mp4
2026-07-03 12:46:08 | INFO     | processing.video_source:open:89 | 영상 파일 열림: sample.mp4 (720x1280, 24.0fps, 240프레임)
2026-07-03 12:46:08 | INFO     | core.detector:__init__:55 | YOLO 모델 로딩: yolo11n.pt (디바이스: cpu)
2026-07-03 12:46:08 | INFO     | core.detector:__init__:58 | PersonDetector 초기화 완료 (confidence=0.5, iou=0.45, img_size=640)
2026-07-03 12:46:08 | INFO     | core.tracker:__init__:44 | PersonTracker 초기화 완료 (track_thresh=0.25, buffer=30, match_thresh=0.8)
2026-07-03 12:46:08 | INFO     | core.zone_manager:__init__:63 | DangerZoneManager 초기화 완료 (카메라: cam-001, 폴링 간격: 30초)
2026-07-03 12:46:09 | INFO     | visualization.drawer:draw_zones:50 | ============================================================
2026-07-03 12:46:09 | INFO     | visualization.drawer:draw_zones:51 | 🖱️  위험구역 마우스 설정 모드 진입
2026-07-03 12:46:09 | INFO     | visualization.drawer:draw_zones:52 |    - 마우스 좌클릭 : 꼭짓점 지정
2026-07-03 12:46:09 | INFO     | visualization.drawer:draw_zones:53 |    - 마우스 우클릭 : 마지막 점 취소 (Undo)
2026-07-03 12:46:09 | INFO     | visualization.drawer:draw_zones:54 |    - 키보드 [C]    : 현재 그리는 다각형 전체 초기화
2026-07-03 12:46:09 | INFO     | visualization.drawer:draw_zones:55 |    - 키보드 [Enter]/[Space] : 현재 다각형 완성 및 저장
2026-07-03 12:46:09 | INFO     | visualization.drawer:draw_zones:56 |    - 키보드 [S]    : 설정 완료 및 감지 프로그램 시작
2026-07-03 12:46:09 | INFO     | visualization.drawer:draw_zones:57 |    - 키보드 [Q]    : 프로그램 종료
2026-07-03 12:46:09 | INFO     | visualization.drawer:draw_zones:58 | ============================================================
2026-07-03 12:46:14 | DEBUG    | visualization.drawer:_mouse_callback:26 | 꼭짓점 추가: (346, 572) | 현재 총 1개
2026-07-03 12:46:15 | DEBUG    | visualization.drawer:_mouse_callback:26 | 꼭짓점 추가: (591, 621) | 현재 총 2개
2026-07-03 12:46:16 | DEBUG    | visualization.drawer:_mouse_callback:26 | 꼭짓점 추가: (347, 632) | 현재 총 3개
2026-07-03 12:46:17 | DEBUG    | visualization.drawer:_mouse_callback:26 | 꼭짓점 추가: (348, 578) | 현재 총 4개
2026-07-03 12:46:19 | INFO     | visualization.drawer:draw_zones:110 | 위험구역 저장 완료 (Zone-1)
2026-07-03 12:46:26 | DEBUG    | visualization.drawer:_mouse_callback:26 | 꼭짓점 추가: (503, 538) | 현재 총 1개
2026-07-03 12:46:28 | DEBUG    | visualization.drawer:_mouse_callback:26 | 꼭짓점 추가: (498, 466) | 현재 총 2개
2026-07-03 12:46:32 | DEBUG    | visualization.drawer:_mouse_callback:31 | 꼭짓점 취소: [498, 466]
2026-07-03 12:46:33 | DEBUG    | visualization.drawer:_mouse_callback:31 | 꼭짓점 취소: [503, 538]
2026-07-03 12:46:33 | DEBUG    | visualization.drawer:_mouse_callback:26 | 꼭짓점 추가: (482, 555) | 현재 총 1개
2026-07-03 12:46:34 | DEBUG    | visualization.drawer:_mouse_callback:26 | 꼭짓점 추가: (577, 594) | 현재 총 2개
2026-07-03 12:46:34 | DEBUG    | visualization.drawer:_mouse_callback:26 | 꼭짓점 추가: (503, 600) | 현재 총 3개
2026-07-03 12:46:34 | DEBUG    | visualization.drawer:_mouse_callback:26 | 꼭짓점 추가: (485, 554) | 현재 총 4개
2026-07-03 12:46:35 | INFO     | visualization.drawer:draw_zones:110 | 위험구역 저장 완료 (Zone-2)
2026-07-03 12:46:39 | DEBUG    | visualization.drawer:_mouse_callback:26 | 꼭짓점 추가: (725, 598) | 현재 총 1개
2026-07-03 12:46:42 | DEBUG    | visualization.drawer:_mouse_callback:31 | 꼭짓점 취소: [725, 598]
2026-07-03 12:46:44 | WARNING  | visualization.drawer:draw_zones:113 | 위험구역은 최소 3개 이상의 꼭짓점이 필요합니다.
2026-07-03 12:46:44 | WARNING  | visualization.drawer:draw_zones:113 | 위험구역은 최소 3개 이상의 꼭짓점이 필요합니다.
2026-07-03 12:46:44 | WARNING  | visualization.drawer:draw_zones:113 | 위험구역은 최소 3개 이상의 꼭짓점이 필요합니다.
2026-07-03 12:46:45 | WARNING  | visualization.drawer:draw_zones:113 | 위험구역은 최소 3개 이상의 꼭짓점이 필요합니다.
2026-07-03 12:46:45 | WARNING  | visualization.drawer:draw_zones:113 | 위험구역은 최소 3개 이상의 꼭짓점이 필요합니다.
2026-07-03 12:46:45 | WARNING  | visualization.drawer:draw_zones:113 | 위험구역은 최소 3개 이상의 꼭짓점이 필요합니다.
2026-07-03 12:46:45 | WARNING  | visualization.drawer:draw_zones:113 | 위험구역은 최소 3개 이상의 꼭짓점이 필요합니다.
2026-07-03 12:46:45 | WARNING  | visualization.drawer:draw_zones:113 | 위험구역은 최소 3개 이상의 꼭짓점이 필요합니다.
2026-07-03 12:46:47 | DEBUG    | visualization.drawer:_mouse_callback:26 | 꼭짓점 추가: (715, 243) | 현재 총 1개
2026-07-03 12:46:49 | DEBUG    | visualization.drawer:_mouse_callback:26 | 꼭짓점 추가: (416, 563) | 현재 총 2개
2026-07-03 12:46:50 | DEBUG    | visualization.drawer:_mouse_callback:26 | 꼭짓점 추가: (194, 581) | 현재 총 3개
2026-07-03 12:46:50 | DEBUG    | visualization.drawer:_mouse_callback:26 | 꼭짓점 추가: (166, 589) | 현재 총 4개
2026-07-03 12:46:50 | DEBUG    | visualization.drawer:_mouse_callback:26 | 꼭짓점 추가: (710, 362) | 현재 총 5개
2026-07-03 12:46:50 | DEBUG    | visualization.drawer:_mouse_callback:26 | 꼭짓점 추가: (719, 242) | 현재 총 6개
2026-07-03 12:46:51 | DEBUG    | visualization.drawer:_mouse_callback:26 | 꼭짓점 추가: (718, 245) | 현재 총 7개
2026-07-03 12:46:51 | DEBUG    | visualization.drawer:_mouse_callback:26 | 꼭짓점 추가: (332, 550) | 현재 총 8개
2026-07-03 12:46:52 | DEBUG    | visualization.drawer:_mouse_callback:26 | 꼭짓점 추가: (393, 614) | 현재 총 9개
2026-07-03 12:46:52 | DEBUG    | visualization.drawer:_mouse_callback:26 | 꼭짓점 추가: (401, 590) | 현재 총 10개
2026-07-03 12:46:52 | DEBUG    | visualization.drawer:_mouse_callback:26 | 꼭짓점 추가: (415, 563) | 현재 총 11개
2026-07-03 12:46:52 | DEBUG    | visualization.drawer:_mouse_callback:26 | 꼭짓점 추가: (430, 559) | 현재 총 12개
2026-07-03 12:46:52 | DEBUG    | visualization.drawer:_mouse_callback:26 | 꼭짓점 추가: (430, 557) | 현재 총 13개
2026-07-03 12:46:52 | DEBUG    | visualization.drawer:_mouse_callback:26 | 꼭짓점 추가: (433, 552) | 현재 총 14개
2026-07-03 12:46:53 | DEBUG    | visualization.drawer:_mouse_callback:31 | 꼭짓점 취소: [433, 552]
2026-07-03 12:46:53 | INFO     | visualization.drawer:draw_zones:110 | 위험구역 저장 완료 (Zone-3)
2026-07-03 12:46:54 | WARNING  | visualization.drawer:draw_zones:113 | 위험구역은 최소 3개 이상의 꼭짓점이 필요합니다.
2026-07-03 12:46:55 | WARNING  | visualization.drawer:draw_zones:113 | 위험구역은 최소 3개 이상의 꼭짓점이 필요합니다.
2026-07-03 12:46:55 | DEBUG    | visualization.drawer:_mouse_callback:26 | 꼭짓점 추가: (627, 606) | 현재 총 1개
2026-07-03 12:46:55 | WARNING  | visualization.drawer:draw_zones:113 | 위험구역은 최소 3개 이상의 꼭짓점이 필요합니다.
2026-07-03 12:46:55 | DEBUG    | visualization.drawer:_mouse_callback:26 | 꼭짓점 추가: (548, 596) | 현재 총 2개
2026-07-03 12:46:55 | DEBUG    | visualization.drawer:_mouse_callback:26 | 꼭짓점 추가: (377, 596) | 현재 총 3개
2026-07-03 12:46:55 | DEBUG    | visualization.drawer:_mouse_callback:26 | 꼭짓점 추가: (368, 604) | 현재 총 4개
2026-07-03 12:46:55 | INFO     | visualization.drawer:draw_zones:110 | 위험구역 저장 완료 (Zone-4)
2026-07-03 12:46:56 | DEBUG    | visualization.drawer:_mouse_callback:26 | 꼭짓점 추가: (560, 635) | 현재 총 1개
2026-07-03 12:46:56 | WARNING  | visualization.drawer:draw_zones:113 | 위험구역은 최소 3개 이상의 꼭짓점이 필요합니다.
2026-07-03 12:46:56 | DEBUG    | visualization.drawer:_mouse_callback:26 | 꼭짓점 추가: (649, 609) | 현재 총 2개
2026-07-03 12:46:56 | DEBUG    | visualization.drawer:_mouse_callback:26 | 꼭짓점 추가: (632, 589) | 현재 총 3개
2026-07-03 12:46:56 | DEBUG    | visualization.drawer:_mouse_callback:26 | 꼭짓점 추가: (487, 592) | 현재 총 4개
2026-07-03 12:46:56 | DEBUG    | visualization.drawer:_mouse_callback:26 | 꼭짓점 추가: (493, 613) | 현재 총 5개
2026-07-03 12:46:56 | INFO     | visualization.drawer:draw_zones:110 | 위험구역 저장 완료 (Zone-5)
2026-07-03 12:46:57 | DEBUG    | visualization.drawer:_mouse_callback:26 | 꼭짓점 추가: (585, 631) | 현재 총 1개
2026-07-03 12:46:57 | WARNING  | visualization.drawer:draw_zones:113 | 위험구역은 최소 3개 이상의 꼭짓점이 필요합니다.
2026-07-03 12:46:58 | WARNING  | visualization.drawer:draw_zones:113 | 위험구역은 최소 3개 이상의 꼭짓점이 필요합니다.
2026-07-03 12:46:58 | WARNING  | visualization.drawer:draw_zones:113 | 위험구역은 최소 3개 이상의 꼭짓점이 필요합니다.
2026-07-03 12:46:58 | WARNING  | visualization.drawer:draw_zones:113 | 위험구역은 최소 3개 이상의 꼭짓점이 필요합니다.
2026-07-03 12:46:59 | WARNING  | visualization.drawer:draw_zones:113 | 위험구역은 최소 3개 이상의 꼭짓점이 필요합니다.
2026-07-03 12:46:59 | WARNING  | visualization.drawer:draw_zones:113 | 위험구역은 최소 3개 이상의 꼭짓점이 필요합니다.
2026-07-03 12:46:59 | DEBUG    | visualization.drawer:_mouse_callback:26 | 꼭짓점 추가: (612, 547) | 현재 총 2개
2026-07-03 12:47:00 | DEBUG    | visualization.drawer:_mouse_callback:26 | 꼭짓점 추가: (622, 549) | 현재 총 3개
2026-07-03 12:47:00 | DEBUG    | visualization.drawer:_mouse_callback:26 | 꼭짓점 추가: (545, 508) | 현재 총 4개
2026-07-03 12:47:00 | DEBUG    | visualization.drawer:_mouse_callback:26 | 꼭짓점 추가: (556, 546) | 현재 총 5개
2026-07-03 12:47:00 | DEBUG    | visualization.drawer:_mouse_callback:26 | 꼭짓점 추가: (557, 561) | 현재 총 6개
2026-07-03 12:47:00 | DEBUG    | visualization.drawer:_mouse_callback:26 | 꼭짓점 추가: (554, 581) | 현재 총 7개
2026-07-03 12:47:01 | DEBUG    | visualization.drawer:_mouse_callback:26 | 꼭짓점 추가: (584, 600) | 현재 총 8개
2026-07-03 12:47:01 | DEBUG    | visualization.drawer:_mouse_callback:26 | 꼭짓점 추가: (596, 609) | 현재 총 9개
2026-07-03 12:47:01 | DEBUG    | visualization.drawer:_mouse_callback:26 | 꼭짓점 추가: (591, 618) | 현재 총 10개
2026-07-03 12:47:01 | DEBUG    | visualization.drawer:_mouse_callback:26 | 꼭짓점 추가: (583, 624) | 현재 총 11개
2026-07-03 12:47:01 | DEBUG    | visualization.drawer:_mouse_callback:26 | 꼭짓점 추가: (581, 631) | 현재 총 12개
2026-07-03 12:47:02 | INFO     | visualization.drawer:draw_zones:110 | 위험구역 저장 완료 (Zone-6)
2026-07-03 12:47:02 | WARNING  | visualization.drawer:draw_zones:113 | 위험구역은 최소 3개 이상의 꼭짓점이 필요합니다.
2026-07-03 12:47:03 | WARNING  | visualization.drawer:draw_zones:113 | 위험구역은 최소 3개 이상의 꼭짓점이 필요합니다.
2026-07-03 12:47:05 | WARNING  | visualization.drawer:draw_zones:113 | 위험구역은 최소 3개 이상의 꼭짓점이 필요합니다.
2026-07-03 12:47:09 | WARNING  | visualization.drawer:draw_zones:113 | 위험구역은 최소 3개 이상의 꼭짓점이 필요합니다.
2026-07-03 12:47:10 | WARNING  | visualization.drawer:draw_zones:113 | 위험구역은 최소 3개 이상의 꼭짓점이 필요합니다.
2026-07-03 12:47:12 | DEBUG    | visualization.drawer:_mouse_callback:26 | 꼭짓점 추가: (544, 407) | 현재 총 1개
2026-07-03 12:47:16 | DEBUG    | visualization.drawer:_mouse_callback:26 | 꼭짓점 추가: (465, 321) | 현재 총 2개
2026-07-03 12:47:17 | DEBUG    | visualization.drawer:_mouse_callback:26 | 꼭짓점 추가: (445, 435) | 현재 총 3개
2026-07-03 12:47:17 | DEBUG    | visualization.drawer:_mouse_callback:26 | 꼭짓점 추가: (449, 534) | 현재 총 4개
2026-07-03 12:47:18 | DEBUG    | visualization.drawer:_mouse_callback:26 | 꼭짓점 추가: (548, 599) | 현재 총 5개
2026-07-03 12:47:18 | DEBUG    | visualization.drawer:_mouse_callback:26 | 꼭짓점 추가: (599, 463) | 현재 총 6개
2026-07-03 12:47:18 | DEBUG    | visualization.drawer:_mouse_callback:26 | 꼭짓점 추가: (545, 393) | 현재 총 7개
2026-07-03 12:47:18 | DEBUG    | visualization.drawer:_mouse_callback:26 | 꼭짓점 추가: (548, 411) | 현재 총 8개
2026-07-03 12:47:19 | DEBUG    | visualization.drawer:_mouse_callback:26 | 꼭짓점 추가: (548, 415) | 현재 총 9개
2026-07-03 12:47:19 | INFO     | visualization.drawer:draw_zones:110 | 위험구역 저장 완료 (Zone-7)
2026-07-03 12:47:23 | DEBUG    | visualization.drawer:_mouse_callback:26 | 꼭짓점 추가: (426, 459) | 현재 총 1개
2026-07-03 12:47:24 | DEBUG    | visualization.drawer:_mouse_callback:26 | 꼭짓점 추가: (593, 577) | 현재 총 2개
2026-07-03 12:47:25 | DEBUG    | visualization.drawer:_mouse_callback:26 | 꼭짓점 추가: (668, 568) | 현재 총 3개
2026-07-03 12:47:25 | DEBUG    | visualization.drawer:_mouse_callback:26 | 꼭짓점 추가: (663, 575) | 현재 총 4개
2026-07-03 12:47:25 | DEBUG    | visualization.drawer:_mouse_callback:26 | 꼭짓점 추가: (578, 603) | 현재 총 5개
2026-07-03 12:47:25 | DEBUG    | visualization.drawer:_mouse_callback:26 | 꼭짓점 추가: (496, 523) | 현재 총 6개
2026-07-03 12:47:26 | DEBUG    | visualization.drawer:_mouse_callback:26 | 꼭짓점 추가: (438, 482) | 현재 총 7개
2026-07-03 12:47:26 | DEBUG    | visualization.drawer:_mouse_callback:26 | 꼭짓점 추가: (435, 474) | 현재 총 8개
2026-07-03 12:47:26 | DEBUG    | visualization.drawer:_mouse_callback:26 | 꼭짓점 추가: (434, 472) | 현재 총 9개
2026-07-03 12:47:26 | DEBUG    | visualization.drawer:_mouse_callback:26 | 꼭짓점 추가: (432, 469) | 현재 총 10개
2026-07-03 12:47:27 | DEBUG    | visualization.drawer:_mouse_callback:26 | 꼭짓점 추가: (428, 467) | 현재 총 11개
2026-07-03 12:47:27 | DEBUG    | visualization.drawer:_mouse_callback:26 | 꼭짓점 추가: (743, 565) | 현재 총 12개
2026-07-03 12:47:28 | INFO     | visualization.drawer:draw_zones:110 | 위험구역 저장 완료 (Zone-8)
2026-07-03 12:47:28 | WARNING  | visualization.drawer:draw_zones:113 | 위험구역은 최소 3개 이상의 꼭짓점이 필요합니다.
2026-07-03 12:47:29 | WARNING  | visualization.drawer:draw_zones:113 | 위험구역은 최소 3개 이상의 꼭짓점이 필요합니다.
2026-07-03 12:47:31 | INFO     | visualization.drawer:draw_zones:118 | 총 8개의 위험구역을 설정하고 감지를 시작합니다.
2026-07-03 12:47:31 | INFO     | core.zone_manager:add_zone:122 | 위험구역 추가: 사용자 위험구역 1 (drawn-zone-1)
2026-07-03 12:47:31 | INFO     | core.zone_manager:add_zone:122 | 위험구역 추가: 사용자 위험구역 2 (drawn-zone-2)
2026-07-03 12:47:31 | INFO     | core.zone_manager:add_zone:122 | 위험구역 추가: 사용자 위험구역 3 (drawn-zone-3)
2026-07-03 12:47:31 | INFO     | core.zone_manager:add_zone:122 | 위험구역 추가: 사용자 위험구역 4 (drawn-zone-4)
2026-07-03 12:47:31 | INFO     | core.zone_manager:add_zone:122 | 위험구역 추가: 사용자 위험구역 5 (drawn-zone-5)
2026-07-03 12:47:31 | INFO     | core.zone_manager:add_zone:122 | 위험구역 추가: 사용자 위험구역 6 (drawn-zone-6)
2026-07-03 12:47:31 | INFO     | core.zone_manager:add_zone:122 | 위험구역 추가: 사용자 위험구역 7 (drawn-zone-7)
2026-07-03 12:47:31 | INFO     | core.zone_manager:add_zone:122 | 위험구역 추가: 사용자 위험구역 8 (drawn-zone-8)
2026-07-03 12:47:31 | INFO     | processing.intrusion_detector:__init__:72 | IntrusionDetector 초기화 완료 (쿨다운: 10.0초)
2026-07-03 12:47:31 | INFO     | communication.event_sender:__init__:68 | EventSender 초기화 완료 (WS: ws://localhost:8000/ws/events, 스냅샷: True)
2026-07-03 12:47:31 | INFO     | communication.event_sender:start:177 | 이벤트 전송기 시작됨
2026-07-03 12:47:31 | INFO     | processing.frame_processor:__init__:57 | FrameProcessor 초기화 완료
2026-07-03 12:47:31 | INFO     | __main__:main:266 | 🚀 메인 루프 시작 (종료: 'q' 키 또는 Ctrl+C)
2026-07-03 12:47:31 | WARNING  | processing.intrusion_detector:check_intrusions:137 | ⚠️ 침입 감지! 작업자#1 → 사용자 위험구역 5 (위치: (488, 595), 위험등급: high)
2026-07-03 12:47:31 | INFO     | communication.event_sender:_save_snapshot:163 | 스냅샷 저장: snapshots/intrusion_cam-001_worker1_drawn-zone-5_20260703_124731.jpg
2026-07-03 12:47:31 | INFO     | communication.event_sender:_sender_loop:198 | [LOCAL] 이벤트: entered 작업자#1 → 사용자 위험구역 5
2026-07-03 12:47:31 | INFO     | processing.intrusion_detector:check_intrusions:188 | ✅ 이탈 감지: 작업자#1 ← 사용자 위험구역 5 (체류시간: 0.6초)
2026-07-03 12:47:31 | INFO     | communication.event_sender:_sender_loop:198 | [LOCAL] 이벤트: exited 작업자#1 → 사용자 위험구역 5
2026-07-03 12:47:32 | WARNING  | processing.intrusion_detector:check_intrusions:137 | ⚠️ 침입 감지! 작업자#1 → 사용자 위험구역 1 (위치: (437, 591), 위험등급: high)
2026-07-03 12:47:32 | INFO     | communication.event_sender:_save_snapshot:163 | 스냅샷 저장: snapshots/intrusion_cam-001_worker1_drawn-zone-1_20260703_124732.jpg
2026-07-03 12:47:32 | INFO     | communication.event_sender:_sender_loop:198 | [LOCAL] 이벤트: entered 작업자#1 → 사용자 위험구역 1
2026-07-03 12:47:33 | INFO     | processing.intrusion_detector:check_intrusions:188 | ✅ 이탈 감지: 작업자#1 ← 사용자 위험구역 1 (체류시간: 0.2초)
2026-07-03 12:47:33 | INFO     | communication.event_sender:_sender_loop:198 | [LOCAL] 이벤트: exited 작업자#1 → 사용자 위험구역 1
2026-07-03 12:47:33 | WARNING  | processing.intrusion_detector:check_intrusions:137 | ⚠️ 침입 감지! 작업자#1 → 사용자 위험구역 2 (위치: (505, 590), 위험등급: high)
2026-07-03 12:47:33 | INFO     | communication.event_sender:_save_snapshot:163 | 스냅샷 저장: snapshots/intrusion_cam-001_worker1_drawn-zone-2_20260703_124733.jpg
2026-07-03 12:47:33 | INFO     | communication.event_sender:_sender_loop:198 | [LOCAL] 이벤트: entered 작업자#1 → 사용자 위험구역 2
2026-07-03 12:47:34 | INFO     | processing.intrusion_detector:check_intrusions:188 | ✅ 이탈 감지: 작업자#1 ← 사용자 위험구역 2 (체류시간: 0.9초)
2026-07-03 12:47:34 | WARNING  | processing.intrusion_detector:check_intrusions:137 | ⚠️ 침입 감지! 작업자#1 → 사용자 위험구역 4 (위치: (497, 604), 위험등급: high)
2026-07-03 12:47:34 | INFO     | communication.event_sender:_sender_loop:198 | [LOCAL] 이벤트: exited 작업자#1 → 사용자 위험구역 2
2026-07-03 12:47:34 | INFO     | communication.event_sender:_save_snapshot:163 | 스냅샷 저장: snapshots/intrusion_cam-001_worker1_drawn-zone-4_20260703_124734.jpg
2026-07-03 12:47:34 | INFO     | communication.event_sender:_sender_loop:198 | [LOCAL] 이벤트: entered 작업자#1 → 사용자 위험구역 4
2026-07-03 12:47:34 | INFO     | processing.intrusion_detector:check_intrusions:188 | ✅ 이탈 감지: 작업자#1 ← 사용자 위험구역 4 (체류시간: 0.2초)
2026-07-03 12:47:34 | INFO     | communication.event_sender:_sender_loop:198 | [LOCAL] 이벤트: exited 작업자#1 → 사용자 위험구역 4
2026-07-03 12:47:34 | INFO     | processing.intrusion_detector:check_intrusions:188 | ✅ 이탈 감지: 작업자#1 ← 사용자 위험구역 1 (체류시간: 0.5초)
2026-07-03 12:47:34 | INFO     | communication.event_sender:_sender_loop:198 | [LOCAL] 이벤트: exited 작업자#1 → 사용자 위험구역 1
2026-07-03 12:47:35 | INFO     | processing.intrusion_detector:check_intrusions:188 | ✅ 이탈 감지: 작업자#1 ← 사용자 위험구역 5 (체류시간: 1.5초)
2026-07-03 12:47:35 | INFO     | communication.event_sender:_sender_loop:198 | [LOCAL] 이벤트: exited 작업자#1 → 사용자 위험구역 5
2026-07-03 12:47:35 | INFO     | processing.frame_processor:_log_performance:134 | 📊 성능 통계 (100프레임) | 감지: 24.9ms | 추적: 0.3ms | 침입: 0.0ms | 렌더: 1.9ms | 총: 27.2ms (36.8 FPS)
2026-07-03 12:47:39 | INFO     | processing.frame_processor:_log_performance:134 | 📊 성능 통계 (200프레임) | 감지: 24.5ms | 추적: 0.3ms | 침입: 0.0ms | 렌더: 1.7ms | 총: 26.6ms (37.6 FPS)
2026-07-03 12:47:41 | INFO     | processing.video_source:read:116 | 영상 반복 재생 시작
2026-07-03 12:47:42 | INFO     | processing.intrusion_detector:check_intrusions:188 | ✅ 이탈 감지: 작업자#1 ← 사용자 위험구역 5 (체류시간: 0.6초)
2026-07-03 12:47:42 | INFO     | communication.event_sender:_sender_loop:198 | [LOCAL] 이벤트: exited 작업자#1 → 사용자 위험구역 5
2026-07-03 12:47:43 | INFO     | processing.intrusion_detector:check_intrusions:188 | ✅ 이탈 감지: 작업자#1 ← 사용자 위험구역 1 (체류시간: 0.2초)
2026-07-03 12:47:43 | INFO     | communication.event_sender:_sender_loop:198 | [LOCAL] 이벤트: exited 작업자#1 → 사용자 위험구역 1
2026-07-03 12:47:43 | INFO     | processing.frame_processor:_log_performance:134 | 📊 성능 통계 (300프레임) | 감지: 24.0ms | 추적: 0.3ms | 침입: 0.0ms | 렌더: 1.7ms | 총: 26.0ms (38.5 FPS)
2026-07-03 12:47:44 | INFO     | processing.intrusion_detector:check_intrusions:188 | ✅ 이탈 감지: 작업자#1 ← 사용자 위험구역 2 (체류시간: 0.9초)
2026-07-03 12:47:44 | INFO     | communication.event_sender:_sender_loop:198 | [LOCAL] 이벤트: exited 작업자#1 → 사용자 위험구역 2
2026-07-03 12:47:44 | INFO     | processing.intrusion_detector:check_intrusions:188 | ✅ 이탈 감지: 작업자#1 ← 사용자 위험구역 4 (체류시간: 0.2초)
2026-07-03 12:47:44 | INFO     | communication.event_sender:_sender_loop:198 | [LOCAL] 이벤트: exited 작업자#1 → 사용자 위험구역 4
2026-07-03 12:47:44 | INFO     | processing.intrusion_detector:check_intrusions:188 | ✅ 이탈 감지: 작업자#1 ← 사용자 위험구역 1 (체류시간: 0.5초)
2026-07-03 12:47:44 | INFO     | communication.event_sender:_sender_loop:198 | [LOCAL] 이벤트: exited 작업자#1 → 사용자 위험구역 1
2026-07-03 12:47:44 | INFO     | processing.intrusion_detector:check_intrusions:188 | ✅ 이탈 감지: 작업자#1 ← 사용자 위험구역 5 (체류시간: 1.4초)
2026-07-03 12:47:44 | INFO     | communication.event_sender:_sender_loop:198 | [LOCAL] 이벤트: exited 작업자#1 → 사용자 위험구역 5
2026-07-03 12:47:47 | INFO     | processing.frame_processor:_log_performance:134 | 📊 성능 통계 (400프레임) | 감지: 23.6ms | 추적: 0.3ms | 침입: 0.0ms | 렌더: 1.7ms | 총: 25.6ms (39.1 FPS)
2026-07-03 12:47:51 | INFO     | processing.video_source:read:116 | 영상 반복 재생 시작
2026-07-03 12:47:51 | INFO     | processing.intrusion_detector:check_intrusions:188 | ✅ 이탈 감지: 작업자#1 ← 사용자 위험구역 5 (체류시간: 0.6초)
2026-07-03 12:47:51 | INFO     | communication.event_sender:_sender_loop:198 | [LOCAL] 이벤트: exited 작업자#1 → 사용자 위험구역 5
2026-07-03 12:47:51 | INFO     | processing.frame_processor:_log_performance:134 | 📊 성능 통계 (500프레임) | 감지: 23.4ms | 추적: 0.3ms | 침입: 0.0ms | 렌더: 1.6ms | 총: 25.4ms (39.4 FPS)
2026-07-03 12:47:52 | INFO     | processing.intrusion_detector:check_intrusions:188 | ✅ 이탈 감지: 작업자#1 ← 사용자 위험구역 1 (체류시간: 0.2초)
2026-07-03 12:47:52 | INFO     | communication.event_sender:_sender_loop:198 | [LOCAL] 이벤트: exited 작업자#1 → 사용자 위험구역 1
2026-07-03 12:47:53 | INFO     | processing.intrusion_detector:check_intrusions:188 | ✅ 이탈 감지: 작업자#1 ← 사용자 위험구역 2 (체류시간: 0.9초)
2026-07-03 12:47:53 | INFO     | communication.event_sender:_sender_loop:198 | [LOCAL] 이벤트: exited 작업자#1 → 사용자 위험구역 2
2026-07-03 12:47:54 | INFO     | processing.intrusion_detector:check_intrusions:188 | ✅ 이탈 감지: 작업자#1 ← 사용자 위험구역 4 (체류시간: 0.2초)
2026-07-03 12:47:54 | INFO     | communication.event_sender:_sender_loop:198 | [LOCAL] 이벤트: exited 작업자#1 → 사용자 위험구역 4
2026-07-03 12:47:54 | INFO     | processing.intrusion_detector:check_intrusions:188 | ✅ 이탈 감지: 작업자#1 ← 사용자 위험구역 1 (체류시간: 0.5초)
2026-07-03 12:47:54 | INFO     | communication.event_sender:_sender_loop:198 | [LOCAL] 이벤트: exited 작업자#1 → 사용자 위험구역 1
2026-07-03 12:47:54 | INFO     | processing.intrusion_detector:check_intrusions:188 | ✅ 이탈 감지: 작업자#1 ← 사용자 위험구역 5 (체류시간: 1.4초)
2026-07-03 12:47:54 | INFO     | communication.event_sender:_sender_loop:198 | [LOCAL] 이벤트: exited 작업자#1 → 사용자 위험구역 5
2026-07-03 12:47:55 | INFO     | processing.frame_processor:_log_performance:134 | 📊 성능 통계 (600프레임) | 감지: 23.3ms | 추적: 0.3ms | 침입: 0.0ms | 렌더: 1.7ms | 총: 25.3ms (39.5 FPS)
2026-07-03 12:47:59 | INFO     | processing.frame_processor:_log_performance:134 | 📊 성능 통계 (700프레임) | 감지: 23.2ms | 추적: 0.3ms | 침입: 0.0ms | 렌더: 1.6ms | 총: 25.1ms (39.8 FPS)
2026-07-03 12:48:00 | INFO     | __main__:main:289 | 'q' 키 입력 - 종료
2026-07-03 12:48:00 | INFO     | __main__:main:314 | 시스템 종료 중...
2026-07-03 12:48:00 | INFO     | processing.video_source:release:135 | 영상 소스 해제됨
2026-07-03 12:48:00 | INFO     | communication.event_sender:stop:252 | 이벤트 전송기 중지됨 (전송: 0, 실패: 22)
2026-07-03 12:48:00 | INFO     | __main__:main:325 | 📊 최종 성능 통계 | 총 703프레임 | 감지: 23.2ms | 추적: 0.3ms | 침입: 0.0ms | 렌더: 1.6ms
2026-07-03 12:48:00 | INFO     | __main__:main:335 | 📤 이벤트 통계 | 전송: 0 | 실패: 22 | WS: 0 | REST: 0
2026-07-03 12:48:00 | INFO     | __main__:main:343 | ✅ 시스템 종료 완료
2026-07-03 14:04:37 | INFO     | __main__:main:142 | ============================================================
2026-07-03 14:04:37 | INFO     | __main__:main:143 | 🎯 실시간 영상 처리 및 위험구역 감지 시스템 시작
2026-07-03 14:04:37 | INFO     | __main__:main:144 | ============================================================
2026-07-03 14:04:37 | INFO     | __main__:main:145 | 영상 소스: sample.mp4
2026-07-03 14:04:37 | INFO     | __main__:main:146 | YOLO 모델: yolo11n.pt
2026-07-03 14:04:37 | INFO     | __main__:main:147 | 카메라 ID: cam-001
2026-07-03 14:04:37 | INFO     | __main__:main:148 | 디스플레이: ON
2026-07-03 14:04:37 | INFO     | processing.video_source:create_video_source:258 | 파일 소스 생성: sample.mp4
2026-07-03 14:04:37 | INFO     | processing.video_source:open:89 | 영상 파일 열림: sample.mp4 (720x1280, 24.0fps, 240프레임)
2026-07-03 14:04:37 | INFO     | core.detector:__init__:55 | YOLO 모델 로딩: yolo11n.pt (디바이스: cpu)
2026-07-03 14:04:37 | INFO     | core.detector:__init__:58 | PersonDetector 초기화 완료 (confidence=0.5, iou=0.45, img_size=640)
2026-07-03 14:04:37 | INFO     | core.tracker:__init__:44 | PersonTracker 초기화 완료 (track_thresh=0.25, buffer=30, match_thresh=0.8)
2026-07-03 14:04:37 | INFO     | core.zone_manager:__init__:63 | DangerZoneManager 초기화 완료 (카메라: cam-001, 폴링 간격: 30초)
2026-07-03 14:04:38 | INFO     | visualization.drawer:draw_zones:50 | ============================================================
2026-07-03 14:04:38 | INFO     | visualization.drawer:draw_zones:51 | 🖱️  위험구역 마우스 설정 모드 진입
2026-07-03 14:04:38 | INFO     | visualization.drawer:draw_zones:52 |    - 마우스 좌클릭 : 꼭짓점 지정
2026-07-03 14:04:38 | INFO     | visualization.drawer:draw_zones:53 |    - 마우스 우클릭 : 마지막 점 취소 (Undo)
2026-07-03 14:04:38 | INFO     | visualization.drawer:draw_zones:54 |    - 키보드 [C]    : 현재 그리는 다각형 전체 초기화
2026-07-03 14:04:38 | INFO     | visualization.drawer:draw_zones:55 |    - 키보드 [Enter]/[Space] : 현재 다각형 완성 및 저장
2026-07-03 14:04:38 | INFO     | visualization.drawer:draw_zones:56 |    - 키보드 [S]    : 설정 완료 및 감지 프로그램 시작
2026-07-03 14:04:38 | INFO     | visualization.drawer:draw_zones:57 |    - 키보드 [Q]    : 프로그램 종료
2026-07-03 14:04:38 | INFO     | visualization.drawer:draw_zones:58 | ============================================================
2026-07-03 14:04:41 | DEBUG    | visualization.drawer:_mouse_callback:26 | 꼭짓점 추가: (326, 592) | 현재 총 1개
2026-07-03 14:04:41 | DEBUG    | visualization.drawer:_mouse_callback:26 | 꼭짓점 추가: (501, 591) | 현재 총 2개
2026-07-03 14:04:42 | DEBUG    | visualization.drawer:_mouse_callback:26 | 꼭짓점 추가: (542, 621) | 현재 총 3개
2026-07-03 14:04:42 | DEBUG    | visualization.drawer:_mouse_callback:26 | 꼭짓점 추가: (283, 637) | 현재 총 4개
2026-07-03 14:04:43 | DEBUG    | visualization.drawer:_mouse_callback:26 | 꼭짓점 추가: (320, 597) | 현재 총 5개
2026-07-03 14:04:44 | INFO     | visualization.drawer:draw_zones:110 | 위험구역 저장 완료 (Zone-1)
2026-07-03 14:04:45 | INFO     | visualization.drawer:draw_zones:118 | 총 1개의 위험구역을 설정하고 감지를 시작합니다.
2026-07-03 14:04:45 | INFO     | core.zone_manager:add_zone:122 | 위험구역 추가: 사용자 위험구역 1 (drawn-zone-1)
2026-07-03 14:04:45 | INFO     | processing.intrusion_detector:__init__:72 | IntrusionDetector 초기화 완료 (쿨다운: 10.0초)
2026-07-03 14:04:45 | INFO     | communication.event_sender:__init__:68 | EventSender 초기화 완료 (WS: ws://localhost:8000/ws/events, 스냅샷: True)
2026-07-03 14:04:45 | INFO     | communication.event_sender:start:177 | 이벤트 전송기 시작됨
2026-07-03 14:04:45 | INFO     | processing.frame_processor:__init__:57 | FrameProcessor 초기화 완료
2026-07-03 14:04:45 | INFO     | __main__:main:266 | 🚀 메인 루프 시작 (종료: 'q' 키 또는 Ctrl+C)
2026-07-03 14:04:46 | WARNING  | processing.intrusion_detector:check_intrusions:137 | ⚠️ 침입 감지! 작업자#1 → 사용자 위험구역 1 (위치: (488, 595), 위험등급: high)
2026-07-03 14:04:46 | INFO     | communication.event_sender:_save_snapshot:163 | 스냅샷 저장: snapshots/intrusion_cam-001_worker1_drawn-zone-1_20260703_140446.jpg
2026-07-03 14:04:46 | INFO     | communication.event_sender:_sender_loop:198 | [LOCAL] 이벤트: entered 작업자#1 → 사용자 위험구역 1
2026-07-03 14:04:46 | INFO     | processing.intrusion_detector:check_intrusions:188 | ✅ 이탈 감지: 작업자#1 ← 사용자 위험구역 1 (체류시간: 0.6초)
2026-07-03 14:04:46 | INFO     | communication.event_sender:_sender_loop:198 | [LOCAL] 이벤트: exited 작업자#1 → 사용자 위험구역 1
2026-07-03 14:04:49 | INFO     | processing.intrusion_detector:check_intrusions:188 | ✅ 이탈 감지: 작업자#1 ← 사용자 위험구역 1 (체류시간: 0.5초)
2026-07-03 14:04:49 | INFO     | communication.event_sender:_sender_loop:198 | [LOCAL] 이벤트: exited 작업자#1 → 사용자 위험구역 1
2026-07-03 14:04:50 | INFO     | processing.frame_processor:_log_performance:134 | 📊 성능 통계 (100프레임) | 감지: 25.1ms | 추적: 0.4ms | 침입: 0.0ms | 렌더: 1.5ms | 총: 27.0ms (37.0 FPS)
2026-07-03 14:04:54 | INFO     | processing.frame_processor:_log_performance:134 | 📊 성능 통계 (200프레임) | 감지: 24.1ms | 추적: 0.3ms | 침입: 0.0ms | 렌더: 1.4ms | 총: 25.9ms (38.6 FPS)
2026-07-03 14:04:56 | INFO     | processing.video_source:read:116 | 영상 반복 재생 시작
2026-07-03 14:04:56 | INFO     | processing.intrusion_detector:check_intrusions:188 | ✅ 이탈 감지: 작업자#1 ← 사용자 위험구역 1 (체류시간: 0.7초)
2026-07-03 14:04:56 | INFO     | communication.event_sender:_sender_loop:198 | [LOCAL] 이벤트: exited 작업자#1 → 사용자 위험구역 1
2026-07-03 14:04:58 | INFO     | processing.frame_processor:_log_performance:134 | 📊 성능 통계 (300프레임) | 감지: 24.5ms | 추적: 0.3ms | 침입: 0.0ms | 렌더: 1.4ms | 총: 26.3ms (38.1 FPS)
2026-07-03 14:04:58 | INFO     | __main__:main:289 | 'q' 키 입력 - 종료
2026-07-03 14:04:58 | INFO     | __main__:main:314 | 시스템 종료 중...
2026-07-03 14:04:58 | INFO     | processing.video_source:release:135 | 영상 소스 해제됨
2026-07-03 14:04:58 | INFO     | communication.event_sender:stop:252 | 이벤트 전송기 중지됨 (전송: 0, 실패: 4)
2026-07-03 14:04:58 | INFO     | __main__:main:325 | 📊 최종 성능 통계 | 총 303프레임 | 감지: 24.5ms | 추적: 0.3ms | 침입: 0.0ms | 렌더: 1.4ms
2026-07-03 14:04:58 | INFO     | __main__:main:335 | 📤 이벤트 통계 | 전송: 0 | 실패: 4 | WS: 0 | REST: 0
2026-07-03 14:04:58 | INFO     | __main__:main:343 | ✅ 시스템 종료 완료
